[ 2016-08-25T16:27:32+08:00 ]Error: session_start(): Cannot send session cache limiter - headers already sent (output started at /www/video/hdphp2.0/hdphp/config/Config.php:32)/www/video/hdphp2.0/hdphp/session/SessionProvider.php (23).
[ 2016-08-25T16:27:32+08:00 ]EXCEPTION: SQLSTATE[HY000] [1045] Access denied for user ''@'localhost' (using password: YES)
[ 2016-08-25T16:27:34+08:00 ]Error: session_start(): Cannot send session cache limiter - headers already sent (output started at /www/video/hdphp2.0/hdphp/config/Config.php:32)/www/video/hdphp2.0/hdphp/session/SessionProvider.php (23).
[ 2016-08-25T16:27:34+08:00 ]EXCEPTION: SQLSTATE[HY000] [1045] Access denied for user ''@'localhost' (using password: YES)
[ 2016-08-25T16:28:42+08:00 ]Error: session_start(): Cannot send session cache limiter - headers already sent (output started at /www/video/hdphp2.0/hdphp/config/Config.php:32)/www/video/hdphp2.0/hdphp/session/SessionProvider.php (23).
[ 2016-08-25T16:28:42+08:00 ]EXCEPTION: SQLSTATE[HY000] [1045] Access denied for user ''@'localhost' (using password: YES)
[ 2016-08-25T16:28:59+08:00 ]Error: session_start(): Cannot send session cache limiter - headers already sent (output started at /www/video/hdphp2.0/hdphp/config/Config.php:32)/www/video/hdphp2.0/hdphp/session/SessionProvider.php (23).
[ 2016-08-25T16:28:59+08:00 ]EXCEPTION: SQLSTATE[HY000] [1045] Access denied for user ''@'localhost' (using password: YES)
[ 2016-08-25T16:31:13+08:00 ]Error: session_start(): Cannot send session cache limiter - headers already sent (output started at /www/video/hdphp2.0/hdphp/config/Config.php:32)/www/video/hdphp2.0/hdphp/session/SessionProvider.php (23).
[ 2016-08-25T16:31:13+08:00 ]EXCEPTION: SQLSTATE[HY000] [1045] Access denied for user ''@'localhost' (using password: YES)
[ 2016-08-25T16:31:14+08:00 ]Error: session_start(): Cannot send session cache limiter - headers already sent (output started at /www/video/hdphp2.0/hdphp/config/Config.php:32)/www/video/hdphp2.0/hdphp/session/SessionProvider.php (23).
[ 2016-08-25T16:31:14+08:00 ]EXCEPTION: SQLSTATE[HY000] [1045] Access denied for user ''@'localhost' (using password: YES)
[ 2016-08-25T16:31:15+08:00 ]Error: session_start(): Cannot send session cache limiter - headers already sent (output started at /www/video/hdphp2.0/hdphp/config/Config.php:32)/www/video/hdphp2.0/hdphp/session/SessionProvider.php (23).
[ 2016-08-25T16:31:15+08:00 ]EXCEPTION: SQLSTATE[HY000] [1045] Access denied for user ''@'localhost' (using password: YES)
[ 2016-08-25T16:31:15+08:00 ]Error: session_start(): Cannot send session cache limiter - headers already sent (output started at /www/video/hdphp2.0/hdphp/config/Config.php:32)/www/video/hdphp2.0/hdphp/session/SessionProvider.php (23).
[ 2016-08-25T16:31:15+08:00 ]EXCEPTION: SQLSTATE[HY000] [1045] Access denied for user ''@'localhost' (using password: YES)
[ 2016-08-25T16:31:22+08:00 ]Error: session_start(): Cannot send session cache limiter - headers already sent (output started at /www/video/hdphp2.0/hdphp/config/Config.php:32)/www/video/hdphp2.0/hdphp/session/SessionProvider.php (23).
[ 2016-08-25T16:31:22+08:00 ]EXCEPTION: SQLSTATE[HY000] [1045] Access denied for user ''@'localhost' (using password: YES)
[ 2016-08-25T16:31:29+08:00 ]Error: session_start(): Cannot send session cache limiter - headers already sent (output started at /www/video/hdphp2.0/hdphp/config/Config.php:32)/www/video/hdphp2.0/hdphp/session/SessionProvider.php (23).
[ 2016-08-25T16:31:29+08:00 ]EXCEPTION: SQLSTATE[HY000] [1045] Access denied for user ''@'localhost' (using password: YES)
[ 2016-08-25T16:31:29+08:00 ]Error: session_start(): Cannot send session cache limiter - headers already sent (output started at /www/video/hdphp2.0/hdphp/config/Config.php:32)/www/video/hdphp2.0/hdphp/session/SessionProvider.php (23).
[ 2016-08-25T16:31:29+08:00 ]EXCEPTION: SQLSTATE[HY000] [1045] Access denied for user ''@'localhost' (using password: YES)
[ 2016-08-25T16:31:30+08:00 ]Error: session_start(): Cannot send session cache limiter - headers already sent (output started at /www/video/hdphp2.0/hdphp/config/Config.php:32)/www/video/hdphp2.0/hdphp/session/SessionProvider.php (23).
[ 2016-08-25T16:31:30+08:00 ]EXCEPTION: SQLSTATE[HY000] [1045] Access denied for user ''@'localhost' (using password: YES)
[ 2016-08-25T16:31:30+08:00 ]Error: session_start(): Cannot send session cache limiter - headers already sent (output started at /www/video/hdphp2.0/hdphp/config/Config.php:32)/www/video/hdphp2.0/hdphp/session/SessionProvider.php (23).
[ 2016-08-25T16:31:30+08:00 ]EXCEPTION: SQLSTATE[HY000] [1045] Access denied for user ''@'localhost' (using password: YES)
[ 2016-08-25T16:31:45+08:00 ]Error: session_start(): Cannot send session cache limiter - headers already sent (output started at /www/video/hdphp2.0/hdphp/config/Config.php:32)/www/video/hdphp2.0/hdphp/session/SessionProvider.php (23).
[ 2016-08-25T16:31:45+08:00 ]EXCEPTION: SQLSTATE[HY000] [1045] Access denied for user ''@'localhost' (using password: YES)
[ 2016-08-25T16:33:35+08:00 ]Error: session_start(): Cannot send session cache limiter - headers already sent (output started at /www/video/hdphp2.0/hdphp/config/Config.php:32)/www/video/hdphp2.0/hdphp/session/SessionProvider.php (23).
[ 2016-08-25T16:33:35+08:00 ]EXCEPTION: SQLSTATE[HY000] [1045] Access denied for user ''@'localhost' (using password: YES)
[ 2016-08-25T16:34:45+08:00 ]Error: session_start(): Cannot send session cache limiter - headers already sent (output started at /www/video/hdphp2.0/hdphp/config/Config.php:32)/www/video/hdphp2.0/hdphp/session/SessionProvider.php (23).
[ 2016-08-25T16:34:45+08:00 ]EXCEPTION: SQLSTATE[HY000] [1045] Access denied for user ''@'localhost' (using password: YES)
[ 2016-08-25T16:35:00+08:00 ]Error: session_start(): Cannot send session cache limiter - headers already sent (output started at /www/video/hdphp2.0/hdphp/config/Config.php:32)/www/video/hdphp2.0/hdphp/session/SessionProvider.php (23).
[ 2016-08-25T16:35:00+08:00 ]EXCEPTION: SQLSTATE[HY000] [1045] Access denied for user ''@'localhost' (using password: YES)
[ 2016-08-25T16:36:26+08:00 ]Error: session_start(): Cannot send session cache limiter - headers already sent (output started at /www/video/hdphp2.0/hdphp/config/Config.php:32)/www/video/hdphp2.0/hdphp/session/SessionProvider.php (23).
[ 2016-08-25T16:36:26+08:00 ]EXCEPTION: SQLSTATE[HY000] [1045] Access denied for user ''@'localhost' (using password: YES)
[ 2016-08-25T16:39:13+08:00 ]Error: Undefined index: DB_USER/www/video/hdphp2.0/hdphp/config/Config.php (32).
[ 2016-08-25T16:39:13+08:00 ]Error: session_start(): Cannot send session cache limiter - headers already sent (output started at /www/video/hdphp2.0/hdphp/error/view/debug.php:2)/www/video/hdphp2.0/hdphp/session/SessionProvider.php (23).
[ 2016-08-25T16:39:13+08:00 ]EXCEPTION: SQLSTATE[HY000] [1045] Access denied for user ''@'localhost' (using password: YES)
[ 2016-08-25T16:40:56+08:00 ]Error: Undefined index: DB_USER/www/video/hdphp2.0/hdphp/config/Config.php (32).
[ 2016-08-25T16:40:56+08:00 ]EXCEPTION: SQLSTATE[HY000] [1045] Access denied for user ''@'localhost' (using password: YES)
[ 2016-08-25T16:40:58+08:00 ]Error: Undefined index: DB_USER/www/video/hdphp2.0/hdphp/config/Config.php (32).
[ 2016-08-25T16:40:58+08:00 ]EXCEPTION: SQLSTATE[HY000] [1045] Access denied for user ''@'localhost' (using password: YES)
[ 2016-08-25T16:41:23+08:00 ]EXCEPTION: SQLSTATE[HY000] [1045] Access denied for user ''@'localhost' (using password: YES)
[ 2016-08-25T16:41:51+08:00 ]Error: Undefined index: DB_USER/www/video/hdphp2.0/hdphp/config/Config.php (32).
[ 2016-08-25T16:41:51+08:00 ]EXCEPTION: SQLSTATE[HY000] [1045] Access denied for user ''@'localhost' (using password: YES)
[ 2016-08-25T16:41:52+08:00 ]Error: Undefined index: DB_USER/www/video/hdphp2.0/hdphp/config/Config.php (32).
[ 2016-08-25T16:41:52+08:00 ]EXCEPTION: SQLSTATE[HY000] [1045] Access denied for user ''@'localhost' (using password: YES)
[ 2016-08-25T16:41:56+08:00 ]EXCEPTION: SQLSTATE[HY000] [1045] Access denied for user ''@'localhost' (using password: YES)
[ 2016-08-25T16:42:04+08:00 ]Error: Undefined index: DB_USER/www/video/hdphp2.0/hdphp/config/Config.php (32).
[ 2016-08-25T16:42:04+08:00 ]EXCEPTION: SQLSTATE[HY000] [1045] Access denied for user ''@'localhost' (using password: YES)
[ 2016-08-25T16:42:07+08:00 ]Error: Undefined index: DB_USER/www/video/hdphp2.0/hdphp/config/Config.php (32).
[ 2016-08-25T16:42:07+08:00 ]EXCEPTION: SQLSTATE[HY000] [1045] Access denied for user ''@'localhost' (using password: YES)
[ 2016-08-25T16:42:10+08:00 ]Error: Undefined index: DB_USER/www/video/hdphp2.0/hdphp/config/Config.php (32).
[ 2016-08-25T16:42:10+08:00 ]EXCEPTION: SQLSTATE[HY000] [1045] Access denied for user ''@'localhost' (using password: YES)
[ 2016-08-25T16:42:13+08:00 ]Error: Undefined index: DB_USER/www/video/hdphp2.0/hdphp/config/Config.php (32).
[ 2016-08-25T16:42:13+08:00 ]Error: session_start(): Cannot send session cache limiter - headers already sent (output started at /www/video/hdphp2.0/hdphp/error/view/debug.php:2)/www/video/hdphp2.0/hdphp/session/SessionProvider.php (23).
[ 2016-08-25T16:42:13+08:00 ]EXCEPTION: SQLSTATE[HY000] [1045] Access denied for user ''@'localhost' (using password: YES)
[ 2016-08-25T16:42:14+08:00 ]Error: Undefined index: DB_USER/www/video/hdphp2.0/hdphp/config/Config.php (32).
[ 2016-08-25T16:42:14+08:00 ]Error: session_start(): Cannot send session cache limiter - headers already sent (output started at /www/video/hdphp2.0/hdphp/error/view/debug.php:2)/www/video/hdphp2.0/hdphp/session/SessionProvider.php (23).
[ 2016-08-25T16:42:14+08:00 ]EXCEPTION: SQLSTATE[HY000] [1045] Access denied for user ''@'localhost' (using password: YES)
[ 2016-08-25T16:42:31+08:00 ]EXCEPTION: SQLSTATE[HY000] [1045] Access denied for user ''@'localhost' (using password: YES)
[ 2016-08-25T16:43:04+08:00 ]Error: Undefined index: DB_USER/www/video/hdphp2.0/hdphp/config/Config.php (32).
[ 2016-08-25T16:43:04+08:00 ]EXCEPTION: SQLSTATE[HY000] [1045] Access denied for user ''@'localhost' (using password: YES)
[ 2016-08-25T16:43:10+08:00 ]EXCEPTION: SQLSTATE[HY000] [1045] Access denied for user ''@'localhost' (using password: YES)
[ 2016-08-25T16:43:41+08:00 ]EXCEPTION: SQLSTATE[HY000] [1045] Access denied for user ''@'localhost' (using password: YES)
[ 2016-08-25T16:51:41+08:00 ]Error: session_start(): Cannot send session cache limiter - headers already sent (output started at /www/video/hdphp2.0/hdphp/error/view/debug.php:2)/www/video/hdphp2.0/hdphp/session/SessionProvider.php (23).
[ 2016-08-25T16:54:03+08:00 ]EXCEPTION: SQLSTATE[HY000] [1045] Access denied for user ''@'localhost' (using password: YES)
[ 2016-08-25T17:03:14+08:00 ]EXCEPTION: 模板不存在:./web/home/view/
[ 2016-08-25T17:06:19+08:00 ]EXCEPTION: 模板不存在:./web/home/view/index.html
[ 2016-08-25T17:07:39+08:00 ]EXCEPTION: 模板不存在:./web/home/view/a.php
[ 2016-08-25T17:50:55+08:00 ]EXCEPTION: 模板不存在:./web/home/view/
[ 2016-08-25T17:51:33+08:00 ]EXCEPTION: 模板不存在:./web/home/view/
[ 2016-08-25T22:29:49+08:00 ]EXCEPTION: show columns from news ;BindParams:array (
)42S02;1146;Table 'hdphp2.news' doesn't exist
