[ 2016-08-23T00:00:18+08:00 ]Error: Constant DEBUG already defined/www/video/hdphp2.0/storage/view/index_php_828e0.php (11).
[ 2016-08-23T00:00:18+08:00 ]Error: Constant HDPHP_VERSION already defined/www/video/hdphp2.0/hdphp/hdphp.php (14).
[ 2016-08-23T00:00:18+08:00 ]Error: Constant RELEASE_VERSION already defined/www/video/hdphp2.0/hdphp/hdphp.php (15).
[ 2016-08-23T00:00:18+08:00 ]Error: Constant HDPHP_PATH already defined/www/video/hdphp2.0/hdphp/hdphp.php (16).
[ 2016-08-23T00:00:18+08:00 ]Error: Constant DS already defined/www/video/hdphp2.0/hdphp/hdphp.php (17).
[ 2016-08-23T00:00:18+08:00 ]Error: Constant ROOT_PATH already defined/www/video/hdphp2.0/hdphp/hdphp.php (18).
[ 2016-08-23T00:00:18+08:00 ]Error: Constant IS_CGI already defined/www/video/hdphp2.0/hdphp/hdphp.php (20).
[ 2016-08-23T00:00:18+08:00 ]Error: Constant IS_WIN already defined/www/video/hdphp2.0/hdphp/hdphp.php (21).
[ 2016-08-23T00:00:18+08:00 ]Error: Constant IS_CLI already defined/www/video/hdphp2.0/hdphp/hdphp.php (22).
[ 2016-08-23T00:00:18+08:00 ]Error: Constant NOW already defined/www/video/hdphp2.0/hdphp/hdphp.php (23).
[ 2016-08-23T00:00:18+08:00 ]Error: Constant NOW_MICROTIME already defined/www/video/hdphp2.0/hdphp/hdphp.php (24).
[ 2016-08-23T00:00:18+08:00 ]Error: Constant IS_GET already defined/www/video/hdphp2.0/hdphp/hdphp.php (28).
[ 2016-08-23T00:00:18+08:00 ]Error: Constant IS_POST already defined/www/video/hdphp2.0/hdphp/hdphp.php (29).
[ 2016-08-23T00:00:18+08:00 ]Error: Constant IS_DELETE already defined/www/video/hdphp2.0/hdphp/hdphp.php (30).
[ 2016-08-23T00:00:18+08:00 ]Error: Constant IS_PUT already defined/www/video/hdphp2.0/hdphp/hdphp.php (31).
[ 2016-08-23T00:00:18+08:00 ]Error: Constant IS_AJAX already defined/www/video/hdphp2.0/hdphp/hdphp.php (32).
[ 2016-08-23T00:00:18+08:00 ]Error: Constant IS_WEIXIN already defined/www/video/hdphp2.0/hdphp/hdphp.php (33).
[ 2016-08-23T00:00:18+08:00 ]Error: Constant __ROOT__ already defined/www/video/hdphp2.0/hdphp/hdphp.php (34).
[ 2016-08-23T00:00:18+08:00 ]Error: Constant __URL__ already defined/www/video/hdphp2.0/hdphp/hdphp.php (35).
[ 2016-08-23T00:00:18+08:00 ]Error: Constant __HISTORY__ already defined/www/video/hdphp2.0/hdphp/hdphp.php (36).
[ 2016-08-23T00:00:19+08:00 ]Error: Constant DEBUG already defined/www/video/hdphp2.0/storage/view/index_php_828e0.php (11).
[ 2016-08-23T00:00:19+08:00 ]Error: Constant HDPHP_VERSION already defined/www/video/hdphp2.0/hdphp/hdphp.php (14).
[ 2016-08-23T00:00:19+08:00 ]Error: Constant RELEASE_VERSION already defined/www/video/hdphp2.0/hdphp/hdphp.php (15).
[ 2016-08-23T00:00:19+08:00 ]Error: Constant HDPHP_PATH already defined/www/video/hdphp2.0/hdphp/hdphp.php (16).
[ 2016-08-23T00:00:19+08:00 ]Error: Constant DS already defined/www/video/hdphp2.0/hdphp/hdphp.php (17).
[ 2016-08-23T00:00:19+08:00 ]Error: Constant ROOT_PATH already defined/www/video/hdphp2.0/hdphp/hdphp.php (18).
[ 2016-08-23T00:00:19+08:00 ]Error: Constant IS_CGI already defined/www/video/hdphp2.0/hdphp/hdphp.php (20).
[ 2016-08-23T00:00:19+08:00 ]Error: Constant IS_WIN already defined/www/video/hdphp2.0/hdphp/hdphp.php (21).
[ 2016-08-23T00:00:19+08:00 ]Error: Constant IS_CLI already defined/www/video/hdphp2.0/hdphp/hdphp.php (22).
[ 2016-08-23T00:00:19+08:00 ]Error: Constant NOW already defined/www/video/hdphp2.0/hdphp/hdphp.php (23).
[ 2016-08-23T00:00:19+08:00 ]Error: Constant NOW_MICROTIME already defined/www/video/hdphp2.0/hdphp/hdphp.php (24).
[ 2016-08-23T00:00:19+08:00 ]Error: Constant IS_GET already defined/www/video/hdphp2.0/hdphp/hdphp.php (28).
[ 2016-08-23T00:00:19+08:00 ]Error: Constant IS_POST already defined/www/video/hdphp2.0/hdphp/hdphp.php (29).
[ 2016-08-23T00:00:19+08:00 ]Error: Constant IS_DELETE already defined/www/video/hdphp2.0/hdphp/hdphp.php (30).
[ 2016-08-23T00:00:19+08:00 ]Error: Constant IS_PUT already defined/www/video/hdphp2.0/hdphp/hdphp.php (31).
[ 2016-08-23T00:00:19+08:00 ]Error: Constant IS_AJAX already defined/www/video/hdphp2.0/hdphp/hdphp.php (32).
[ 2016-08-23T00:00:19+08:00 ]Error: Constant IS_WEIXIN already defined/www/video/hdphp2.0/hdphp/hdphp.php (33).
[ 2016-08-23T00:00:19+08:00 ]Error: Constant __ROOT__ already defined/www/video/hdphp2.0/hdphp/hdphp.php (34).
[ 2016-08-23T00:00:19+08:00 ]Error: Constant __URL__ already defined/www/video/hdphp2.0/hdphp/hdphp.php (35).
[ 2016-08-23T00:00:19+08:00 ]Error: Constant __HISTORY__ already defined/www/video/hdphp2.0/hdphp/hdphp.php (36).
[ 2016-08-23T00:00:23+08:00 ]Error: Constant DEBUG already defined/www/video/hdphp2.0/storage/view/index_php_828e0.php (11).
[ 2016-08-23T00:00:23+08:00 ]Error: Constant HDPHP_VERSION already defined/www/video/hdphp2.0/hdphp/hdphp.php (14).
[ 2016-08-23T00:00:23+08:00 ]Error: Constant RELEASE_VERSION already defined/www/video/hdphp2.0/hdphp/hdphp.php (15).
[ 2016-08-23T00:00:23+08:00 ]Error: Constant HDPHP_PATH already defined/www/video/hdphp2.0/hdphp/hdphp.php (16).
[ 2016-08-23T00:00:23+08:00 ]Error: Constant DS already defined/www/video/hdphp2.0/hdphp/hdphp.php (17).
[ 2016-08-23T00:00:23+08:00 ]Error: Constant ROOT_PATH already defined/www/video/hdphp2.0/hdphp/hdphp.php (18).
[ 2016-08-23T00:00:23+08:00 ]Error: Constant IS_CGI already defined/www/video/hdphp2.0/hdphp/hdphp.php (20).
[ 2016-08-23T00:00:23+08:00 ]Error: Constant IS_WIN already defined/www/video/hdphp2.0/hdphp/hdphp.php (21).
[ 2016-08-23T00:00:23+08:00 ]Error: Constant IS_CLI already defined/www/video/hdphp2.0/hdphp/hdphp.php (22).
[ 2016-08-23T00:00:23+08:00 ]Error: Constant NOW already defined/www/video/hdphp2.0/hdphp/hdphp.php (23).
[ 2016-08-23T00:00:23+08:00 ]Error: Constant NOW_MICROTIME already defined/www/video/hdphp2.0/hdphp/hdphp.php (24).
[ 2016-08-23T00:00:23+08:00 ]Error: Constant IS_GET already defined/www/video/hdphp2.0/hdphp/hdphp.php (28).
[ 2016-08-23T00:00:23+08:00 ]Error: Constant IS_POST already defined/www/video/hdphp2.0/hdphp/hdphp.php (29).
[ 2016-08-23T00:00:23+08:00 ]Error: Constant IS_DELETE already defined/www/video/hdphp2.0/hdphp/hdphp.php (30).
[ 2016-08-23T00:00:23+08:00 ]Error: Constant IS_PUT already defined/www/video/hdphp2.0/hdphp/hdphp.php (31).
[ 2016-08-23T00:00:23+08:00 ]Error: Constant IS_AJAX already defined/www/video/hdphp2.0/hdphp/hdphp.php (32).
[ 2016-08-23T00:00:23+08:00 ]Error: Constant IS_WEIXIN already defined/www/video/hdphp2.0/hdphp/hdphp.php (33).
[ 2016-08-23T00:00:23+08:00 ]Error: Constant __ROOT__ already defined/www/video/hdphp2.0/hdphp/hdphp.php (34).
[ 2016-08-23T00:00:23+08:00 ]Error: Constant __URL__ already defined/www/video/hdphp2.0/hdphp/hdphp.php (35).
[ 2016-08-23T00:00:23+08:00 ]Error: Constant __HISTORY__ already defined/www/video/hdphp2.0/hdphp/hdphp.php (36).
[ 2016-08-23T00:00:23+08:00 ]Error: Constant DEBUG already defined/www/video/hdphp2.0/storage/view/index_php_828e0.php (11).
[ 2016-08-23T00:00:23+08:00 ]Error: Constant HDPHP_VERSION already defined/www/video/hdphp2.0/hdphp/hdphp.php (14).
[ 2016-08-23T00:00:23+08:00 ]Error: Constant RELEASE_VERSION already defined/www/video/hdphp2.0/hdphp/hdphp.php (15).
[ 2016-08-23T00:00:23+08:00 ]Error: Constant HDPHP_PATH already defined/www/video/hdphp2.0/hdphp/hdphp.php (16).
[ 2016-08-23T00:00:23+08:00 ]Error: Constant DS already defined/www/video/hdphp2.0/hdphp/hdphp.php (17).
[ 2016-08-23T00:00:23+08:00 ]Error: Constant ROOT_PATH already defined/www/video/hdphp2.0/hdphp/hdphp.php (18).
[ 2016-08-23T00:00:23+08:00 ]Error: Constant IS_CGI already defined/www/video/hdphp2.0/hdphp/hdphp.php (20).
[ 2016-08-23T00:00:23+08:00 ]Error: Constant IS_WIN already defined/www/video/hdphp2.0/hdphp/hdphp.php (21).
[ 2016-08-23T00:00:23+08:00 ]Error: Constant IS_CLI already defined/www/video/hdphp2.0/hdphp/hdphp.php (22).
[ 2016-08-23T00:00:23+08:00 ]Error: Constant NOW already defined/www/video/hdphp2.0/hdphp/hdphp.php (23).
[ 2016-08-23T00:00:23+08:00 ]Error: Constant NOW_MICROTIME already defined/www/video/hdphp2.0/hdphp/hdphp.php (24).
[ 2016-08-23T00:00:23+08:00 ]Error: Constant IS_GET already defined/www/video/hdphp2.0/hdphp/hdphp.php (28).
[ 2016-08-23T00:00:23+08:00 ]Error: Constant IS_POST already defined/www/video/hdphp2.0/hdphp/hdphp.php (29).
[ 2016-08-23T00:00:23+08:00 ]Error: Constant IS_DELETE already defined/www/video/hdphp2.0/hdphp/hdphp.php (30).
[ 2016-08-23T00:00:23+08:00 ]Error: Constant IS_PUT already defined/www/video/hdphp2.0/hdphp/hdphp.php (31).
[ 2016-08-23T00:00:23+08:00 ]Error: Constant IS_AJAX already defined/www/video/hdphp2.0/hdphp/hdphp.php (32).
[ 2016-08-23T00:00:23+08:00 ]Error: Constant IS_WEIXIN already defined/www/video/hdphp2.0/hdphp/hdphp.php (33).
[ 2016-08-23T00:00:23+08:00 ]Error: Constant __ROOT__ already defined/www/video/hdphp2.0/hdphp/hdphp.php (34).
[ 2016-08-23T00:00:23+08:00 ]Error: Constant __URL__ already defined/www/video/hdphp2.0/hdphp/hdphp.php (35).
[ 2016-08-23T00:00:23+08:00 ]Error: Constant __HISTORY__ already defined/www/video/hdphp2.0/hdphp/hdphp.php (36).
[ 2016-08-23T00:00:34+08:00 ]Error: Constant DEBUG already defined/www/video/hdphp2.0/storage/view/index_php_828e0.php (11).
[ 2016-08-23T00:00:34+08:00 ]Error: Constant HDPHP_VERSION already defined/www/video/hdphp2.0/hdphp/hdphp.php (14).
[ 2016-08-23T00:00:34+08:00 ]Error: Constant RELEASE_VERSION already defined/www/video/hdphp2.0/hdphp/hdphp.php (15).
[ 2016-08-23T00:00:34+08:00 ]Error: Constant HDPHP_PATH already defined/www/video/hdphp2.0/hdphp/hdphp.php (16).
[ 2016-08-23T00:00:34+08:00 ]Error: Constant DS already defined/www/video/hdphp2.0/hdphp/hdphp.php (17).
[ 2016-08-23T00:00:34+08:00 ]Error: Constant ROOT_PATH already defined/www/video/hdphp2.0/hdphp/hdphp.php (18).
[ 2016-08-23T00:00:34+08:00 ]Error: Constant IS_CGI already defined/www/video/hdphp2.0/hdphp/hdphp.php (20).
[ 2016-08-23T00:00:34+08:00 ]Error: Constant IS_WIN already defined/www/video/hdphp2.0/hdphp/hdphp.php (21).
[ 2016-08-23T00:00:34+08:00 ]Error: Constant IS_CLI already defined/www/video/hdphp2.0/hdphp/hdphp.php (22).
[ 2016-08-23T00:00:34+08:00 ]Error: Constant NOW already defined/www/video/hdphp2.0/hdphp/hdphp.php (23).
[ 2016-08-23T00:00:34+08:00 ]Error: Constant NOW_MICROTIME already defined/www/video/hdphp2.0/hdphp/hdphp.php (24).
[ 2016-08-23T00:00:34+08:00 ]Error: Constant IS_GET already defined/www/video/hdphp2.0/hdphp/hdphp.php (28).
[ 2016-08-23T00:00:34+08:00 ]Error: Constant IS_POST already defined/www/video/hdphp2.0/hdphp/hdphp.php (29).
[ 2016-08-23T00:00:34+08:00 ]Error: Constant IS_DELETE already defined/www/video/hdphp2.0/hdphp/hdphp.php (30).
[ 2016-08-23T00:00:34+08:00 ]Error: Constant IS_PUT already defined/www/video/hdphp2.0/hdphp/hdphp.php (31).
[ 2016-08-23T00:00:34+08:00 ]Error: Constant IS_AJAX already defined/www/video/hdphp2.0/hdphp/hdphp.php (32).
[ 2016-08-23T00:00:34+08:00 ]Error: Constant IS_WEIXIN already defined/www/video/hdphp2.0/hdphp/hdphp.php (33).
[ 2016-08-23T00:00:34+08:00 ]Error: Constant __ROOT__ already defined/www/video/hdphp2.0/hdphp/hdphp.php (34).
[ 2016-08-23T00:00:34+08:00 ]Error: Constant __URL__ already defined/www/video/hdphp2.0/hdphp/hdphp.php (35).
[ 2016-08-23T00:00:34+08:00 ]Error: Constant __HISTORY__ already defined/www/video/hdphp2.0/hdphp/hdphp.php (36).
[ 2016-08-23T00:00:35+08:00 ]Error: Constant DEBUG already defined/www/video/hdphp2.0/storage/view/index_php_828e0.php (11).
[ 2016-08-23T00:00:35+08:00 ]Error: Constant HDPHP_VERSION already defined/www/video/hdphp2.0/hdphp/hdphp.php (14).
[ 2016-08-23T00:00:35+08:00 ]Error: Constant RELEASE_VERSION already defined/www/video/hdphp2.0/hdphp/hdphp.php (15).
[ 2016-08-23T00:00:35+08:00 ]Error: Constant HDPHP_PATH already defined/www/video/hdphp2.0/hdphp/hdphp.php (16).
[ 2016-08-23T00:00:35+08:00 ]Error: Constant DS already defined/www/video/hdphp2.0/hdphp/hdphp.php (17).
[ 2016-08-23T00:00:35+08:00 ]Error: Constant ROOT_PATH already defined/www/video/hdphp2.0/hdphp/hdphp.php (18).
[ 2016-08-23T00:00:35+08:00 ]Error: Constant IS_CGI already defined/www/video/hdphp2.0/hdphp/hdphp.php (20).
[ 2016-08-23T00:00:35+08:00 ]Error: Constant IS_WIN already defined/www/video/hdphp2.0/hdphp/hdphp.php (21).
[ 2016-08-23T00:00:35+08:00 ]Error: Constant IS_CLI already defined/www/video/hdphp2.0/hdphp/hdphp.php (22).
[ 2016-08-23T00:00:35+08:00 ]Error: Constant NOW already defined/www/video/hdphp2.0/hdphp/hdphp.php (23).
[ 2016-08-23T00:00:35+08:00 ]Error: Constant NOW_MICROTIME already defined/www/video/hdphp2.0/hdphp/hdphp.php (24).
[ 2016-08-23T00:00:35+08:00 ]Error: Constant IS_GET already defined/www/video/hdphp2.0/hdphp/hdphp.php (28).
[ 2016-08-23T00:00:35+08:00 ]Error: Constant IS_POST already defined/www/video/hdphp2.0/hdphp/hdphp.php (29).
[ 2016-08-23T00:00:35+08:00 ]Error: Constant IS_DELETE already defined/www/video/hdphp2.0/hdphp/hdphp.php (30).
[ 2016-08-23T00:00:35+08:00 ]Error: Constant IS_PUT already defined/www/video/hdphp2.0/hdphp/hdphp.php (31).
[ 2016-08-23T00:00:35+08:00 ]Error: Constant IS_AJAX already defined/www/video/hdphp2.0/hdphp/hdphp.php (32).
[ 2016-08-23T00:00:35+08:00 ]Error: Constant IS_WEIXIN already defined/www/video/hdphp2.0/hdphp/hdphp.php (33).
[ 2016-08-23T00:00:35+08:00 ]Error: Constant __ROOT__ already defined/www/video/hdphp2.0/hdphp/hdphp.php (34).
[ 2016-08-23T00:00:35+08:00 ]Error: Constant __URL__ already defined/www/video/hdphp2.0/hdphp/hdphp.php (35).
[ 2016-08-23T00:00:35+08:00 ]Error: Constant __HISTORY__ already defined/www/video/hdphp2.0/hdphp/hdphp.php (36).
[ 2016-08-23T00:00:39+08:00 ]Error: Constant DEBUG already defined/www/video/hdphp2.0/storage/view/index_php_828e0.php (11).
[ 2016-08-23T00:00:39+08:00 ]Error: Constant HDPHP_VERSION already defined/www/video/hdphp2.0/hdphp/hdphp.php (14).
[ 2016-08-23T00:00:39+08:00 ]Error: Constant RELEASE_VERSION already defined/www/video/hdphp2.0/hdphp/hdphp.php (15).
[ 2016-08-23T00:00:39+08:00 ]Error: Constant HDPHP_PATH already defined/www/video/hdphp2.0/hdphp/hdphp.php (16).
[ 2016-08-23T00:00:39+08:00 ]Error: Constant DS already defined/www/video/hdphp2.0/hdphp/hdphp.php (17).
[ 2016-08-23T00:00:39+08:00 ]Error: Constant ROOT_PATH already defined/www/video/hdphp2.0/hdphp/hdphp.php (18).
[ 2016-08-23T00:00:39+08:00 ]Error: Constant IS_CGI already defined/www/video/hdphp2.0/hdphp/hdphp.php (20).
[ 2016-08-23T00:00:39+08:00 ]Error: Constant IS_WIN already defined/www/video/hdphp2.0/hdphp/hdphp.php (21).
[ 2016-08-23T00:00:39+08:00 ]Error: Constant IS_CLI already defined/www/video/hdphp2.0/hdphp/hdphp.php (22).
[ 2016-08-23T00:00:39+08:00 ]Error: Constant NOW already defined/www/video/hdphp2.0/hdphp/hdphp.php (23).
[ 2016-08-23T00:00:39+08:00 ]Error: Constant NOW_MICROTIME already defined/www/video/hdphp2.0/hdphp/hdphp.php (24).
[ 2016-08-23T00:00:39+08:00 ]Error: Constant IS_GET already defined/www/video/hdphp2.0/hdphp/hdphp.php (28).
[ 2016-08-23T00:00:39+08:00 ]Error: Constant IS_POST already defined/www/video/hdphp2.0/hdphp/hdphp.php (29).
[ 2016-08-23T00:00:39+08:00 ]Error: Constant IS_DELETE already defined/www/video/hdphp2.0/hdphp/hdphp.php (30).
[ 2016-08-23T00:00:39+08:00 ]Error: Constant IS_PUT already defined/www/video/hdphp2.0/hdphp/hdphp.php (31).
[ 2016-08-23T00:00:39+08:00 ]Error: Constant IS_AJAX already defined/www/video/hdphp2.0/hdphp/hdphp.php (32).
[ 2016-08-23T00:00:39+08:00 ]Error: Constant IS_WEIXIN already defined/www/video/hdphp2.0/hdphp/hdphp.php (33).
[ 2016-08-23T00:00:39+08:00 ]Error: Constant __ROOT__ already defined/www/video/hdphp2.0/hdphp/hdphp.php (34).
[ 2016-08-23T00:00:39+08:00 ]Error: Constant __URL__ already defined/www/video/hdphp2.0/hdphp/hdphp.php (35).
[ 2016-08-23T00:00:39+08:00 ]Error: Constant __HISTORY__ already defined/www/video/hdphp2.0/hdphp/hdphp.php (36).
[ 2016-08-23T00:00:40+08:00 ]Error: Constant DEBUG already defined/www/video/hdphp2.0/storage/view/index_php_828e0.php (11).
[ 2016-08-23T00:00:40+08:00 ]Error: Constant HDPHP_VERSION already defined/www/video/hdphp2.0/hdphp/hdphp.php (14).
[ 2016-08-23T00:00:40+08:00 ]Error: Constant RELEASE_VERSION already defined/www/video/hdphp2.0/hdphp/hdphp.php (15).
[ 2016-08-23T00:00:40+08:00 ]Error: Constant HDPHP_PATH already defined/www/video/hdphp2.0/hdphp/hdphp.php (16).
[ 2016-08-23T00:00:40+08:00 ]Error: Constant DS already defined/www/video/hdphp2.0/hdphp/hdphp.php (17).
[ 2016-08-23T00:00:40+08:00 ]Error: Constant ROOT_PATH already defined/www/video/hdphp2.0/hdphp/hdphp.php (18).
[ 2016-08-23T00:00:40+08:00 ]Error: Constant IS_CGI already defined/www/video/hdphp2.0/hdphp/hdphp.php (20).
[ 2016-08-23T00:00:40+08:00 ]Error: Constant IS_WIN already defined/www/video/hdphp2.0/hdphp/hdphp.php (21).
[ 2016-08-23T00:00:40+08:00 ]Error: Constant IS_CLI already defined/www/video/hdphp2.0/hdphp/hdphp.php (22).
[ 2016-08-23T00:00:40+08:00 ]Error: Constant NOW already defined/www/video/hdphp2.0/hdphp/hdphp.php (23).
[ 2016-08-23T00:00:40+08:00 ]Error: Constant NOW_MICROTIME already defined/www/video/hdphp2.0/hdphp/hdphp.php (24).
[ 2016-08-23T00:00:40+08:00 ]Error: Constant IS_GET already defined/www/video/hdphp2.0/hdphp/hdphp.php (28).
[ 2016-08-23T00:00:40+08:00 ]Error: Constant IS_POST already defined/www/video/hdphp2.0/hdphp/hdphp.php (29).
[ 2016-08-23T00:00:40+08:00 ]Error: Constant IS_DELETE already defined/www/video/hdphp2.0/hdphp/hdphp.php (30).
[ 2016-08-23T00:00:40+08:00 ]Error: Constant IS_PUT already defined/www/video/hdphp2.0/hdphp/hdphp.php (31).
[ 2016-08-23T00:00:40+08:00 ]Error: Constant IS_AJAX already defined/www/video/hdphp2.0/hdphp/hdphp.php (32).
[ 2016-08-23T00:00:40+08:00 ]Error: Constant IS_WEIXIN already defined/www/video/hdphp2.0/hdphp/hdphp.php (33).
[ 2016-08-23T00:00:40+08:00 ]Error: Constant __ROOT__ already defined/www/video/hdphp2.0/hdphp/hdphp.php (34).
[ 2016-08-23T00:00:40+08:00 ]Error: Constant __URL__ already defined/www/video/hdphp2.0/hdphp/hdphp.php (35).
[ 2016-08-23T00:00:40+08:00 ]Error: Constant __HISTORY__ already defined/www/video/hdphp2.0/hdphp/hdphp.php (36).
[ 2016-08-23T00:00:44+08:00 ]Error: Constant DEBUG already defined/www/video/hdphp2.0/storage/view/index_php_828e0.php (11).
[ 2016-08-23T00:00:44+08:00 ]Error: Constant HDPHP_VERSION already defined/www/video/hdphp2.0/hdphp/hdphp.php (14).
[ 2016-08-23T00:00:44+08:00 ]Error: Constant RELEASE_VERSION already defined/www/video/hdphp2.0/hdphp/hdphp.php (15).
[ 2016-08-23T00:00:44+08:00 ]Error: Constant HDPHP_PATH already defined/www/video/hdphp2.0/hdphp/hdphp.php (16).
[ 2016-08-23T00:00:44+08:00 ]Error: Constant DS already defined/www/video/hdphp2.0/hdphp/hdphp.php (17).
[ 2016-08-23T00:00:44+08:00 ]Error: Constant ROOT_PATH already defined/www/video/hdphp2.0/hdphp/hdphp.php (18).
[ 2016-08-23T00:00:44+08:00 ]Error: Constant IS_CGI already defined/www/video/hdphp2.0/hdphp/hdphp.php (20).
[ 2016-08-23T00:00:44+08:00 ]Error: Constant IS_WIN already defined/www/video/hdphp2.0/hdphp/hdphp.php (21).
[ 2016-08-23T00:00:44+08:00 ]Error: Constant IS_CLI already defined/www/video/hdphp2.0/hdphp/hdphp.php (22).
[ 2016-08-23T00:00:44+08:00 ]Error: Constant NOW already defined/www/video/hdphp2.0/hdphp/hdphp.php (23).
[ 2016-08-23T00:00:44+08:00 ]Error: Constant NOW_MICROTIME already defined/www/video/hdphp2.0/hdphp/hdphp.php (24).
[ 2016-08-23T00:00:44+08:00 ]Error: Constant IS_GET already defined/www/video/hdphp2.0/hdphp/hdphp.php (28).
[ 2016-08-23T00:00:44+08:00 ]Error: Constant IS_POST already defined/www/video/hdphp2.0/hdphp/hdphp.php (29).
[ 2016-08-23T00:00:44+08:00 ]Error: Constant IS_DELETE already defined/www/video/hdphp2.0/hdphp/hdphp.php (30).
[ 2016-08-23T00:00:44+08:00 ]Error: Constant IS_PUT already defined/www/video/hdphp2.0/hdphp/hdphp.php (31).
[ 2016-08-23T00:00:44+08:00 ]Error: Constant IS_AJAX already defined/www/video/hdphp2.0/hdphp/hdphp.php (32).
[ 2016-08-23T00:00:44+08:00 ]Error: Constant IS_WEIXIN already defined/www/video/hdphp2.0/hdphp/hdphp.php (33).
[ 2016-08-23T00:00:44+08:00 ]Error: Constant __ROOT__ already defined/www/video/hdphp2.0/hdphp/hdphp.php (34).
[ 2016-08-23T00:00:44+08:00 ]Error: Constant __URL__ already defined/www/video/hdphp2.0/hdphp/hdphp.php (35).
[ 2016-08-23T00:00:44+08:00 ]Error: Constant __HISTORY__ already defined/www/video/hdphp2.0/hdphp/hdphp.php (36).
[ 2016-08-23T00:00:45+08:00 ]Error: Constant DEBUG already defined/www/video/hdphp2.0/storage/view/index_php_828e0.php (11).
[ 2016-08-23T00:00:45+08:00 ]Error: Constant HDPHP_VERSION already defined/www/video/hdphp2.0/hdphp/hdphp.php (14).
[ 2016-08-23T00:00:45+08:00 ]Error: Constant RELEASE_VERSION already defined/www/video/hdphp2.0/hdphp/hdphp.php (15).
[ 2016-08-23T00:00:45+08:00 ]Error: Constant HDPHP_PATH already defined/www/video/hdphp2.0/hdphp/hdphp.php (16).
[ 2016-08-23T00:00:45+08:00 ]Error: Constant DS already defined/www/video/hdphp2.0/hdphp/hdphp.php (17).
[ 2016-08-23T00:00:45+08:00 ]Error: Constant ROOT_PATH already defined/www/video/hdphp2.0/hdphp/hdphp.php (18).
[ 2016-08-23T00:00:45+08:00 ]Error: Constant IS_CGI already defined/www/video/hdphp2.0/hdphp/hdphp.php (20).
[ 2016-08-23T00:00:45+08:00 ]Error: Constant IS_WIN already defined/www/video/hdphp2.0/hdphp/hdphp.php (21).
[ 2016-08-23T00:00:45+08:00 ]Error: Constant IS_CLI already defined/www/video/hdphp2.0/hdphp/hdphp.php (22).
[ 2016-08-23T00:00:45+08:00 ]Error: Constant NOW already defined/www/video/hdphp2.0/hdphp/hdphp.php (23).
[ 2016-08-23T00:00:45+08:00 ]Error: Constant NOW_MICROTIME already defined/www/video/hdphp2.0/hdphp/hdphp.php (24).
[ 2016-08-23T00:00:45+08:00 ]Error: Constant IS_GET already defined/www/video/hdphp2.0/hdphp/hdphp.php (28).
[ 2016-08-23T00:00:45+08:00 ]Error: Constant IS_POST already defined/www/video/hdphp2.0/hdphp/hdphp.php (29).
[ 2016-08-23T00:00:45+08:00 ]Error: Constant IS_DELETE already defined/www/video/hdphp2.0/hdphp/hdphp.php (30).
[ 2016-08-23T00:00:45+08:00 ]Error: Constant IS_PUT already defined/www/video/hdphp2.0/hdphp/hdphp.php (31).
[ 2016-08-23T00:00:45+08:00 ]Error: Constant IS_AJAX already defined/www/video/hdphp2.0/hdphp/hdphp.php (32).
[ 2016-08-23T00:00:45+08:00 ]Error: Constant IS_WEIXIN already defined/www/video/hdphp2.0/hdphp/hdphp.php (33).
[ 2016-08-23T00:00:45+08:00 ]Error: Constant __ROOT__ already defined/www/video/hdphp2.0/hdphp/hdphp.php (34).
[ 2016-08-23T00:00:45+08:00 ]Error: Constant __URL__ already defined/www/video/hdphp2.0/hdphp/hdphp.php (35).
[ 2016-08-23T00:00:45+08:00 ]Error: Constant __HISTORY__ already defined/www/video/hdphp2.0/hdphp/hdphp.php (36).
[ 2016-08-23T00:00:47+08:00 ]Error: Constant DEBUG already defined/www/video/hdphp2.0/storage/view/index_php_828e0.php (11).
[ 2016-08-23T00:00:47+08:00 ]Error: Constant HDPHP_VERSION already defined/www/video/hdphp2.0/hdphp/hdphp.php (14).
[ 2016-08-23T00:00:47+08:00 ]Error: Constant RELEASE_VERSION already defined/www/video/hdphp2.0/hdphp/hdphp.php (15).
[ 2016-08-23T00:00:47+08:00 ]Error: Constant HDPHP_PATH already defined/www/video/hdphp2.0/hdphp/hdphp.php (16).
[ 2016-08-23T00:00:47+08:00 ]Error: Constant DS already defined/www/video/hdphp2.0/hdphp/hdphp.php (17).
[ 2016-08-23T00:00:47+08:00 ]Error: Constant ROOT_PATH already defined/www/video/hdphp2.0/hdphp/hdphp.php (18).
[ 2016-08-23T00:00:47+08:00 ]Error: Constant IS_CGI already defined/www/video/hdphp2.0/hdphp/hdphp.php (20).
[ 2016-08-23T00:00:47+08:00 ]Error: Constant IS_WIN already defined/www/video/hdphp2.0/hdphp/hdphp.php (21).
[ 2016-08-23T00:00:47+08:00 ]Error: Constant IS_CLI already defined/www/video/hdphp2.0/hdphp/hdphp.php (22).
[ 2016-08-23T00:00:47+08:00 ]Error: Constant NOW already defined/www/video/hdphp2.0/hdphp/hdphp.php (23).
[ 2016-08-23T00:00:47+08:00 ]Error: Constant NOW_MICROTIME already defined/www/video/hdphp2.0/hdphp/hdphp.php (24).
[ 2016-08-23T00:00:47+08:00 ]Error: Constant IS_GET already defined/www/video/hdphp2.0/hdphp/hdphp.php (28).
[ 2016-08-23T00:00:47+08:00 ]Error: Constant IS_POST already defined/www/video/hdphp2.0/hdphp/hdphp.php (29).
[ 2016-08-23T00:00:47+08:00 ]Error: Constant IS_DELETE already defined/www/video/hdphp2.0/hdphp/hdphp.php (30).
[ 2016-08-23T00:00:47+08:00 ]Error: Constant IS_PUT already defined/www/video/hdphp2.0/hdphp/hdphp.php (31).
[ 2016-08-23T00:00:47+08:00 ]Error: Constant IS_AJAX already defined/www/video/hdphp2.0/hdphp/hdphp.php (32).
[ 2016-08-23T00:00:47+08:00 ]Error: Constant IS_WEIXIN already defined/www/video/hdphp2.0/hdphp/hdphp.php (33).
[ 2016-08-23T00:00:47+08:00 ]Error: Constant __ROOT__ already defined/www/video/hdphp2.0/hdphp/hdphp.php (34).
[ 2016-08-23T00:00:47+08:00 ]Error: Constant __URL__ already defined/www/video/hdphp2.0/hdphp/hdphp.php (35).
[ 2016-08-23T00:00:47+08:00 ]Error: Constant __HISTORY__ already defined/www/video/hdphp2.0/hdphp/hdphp.php (36).
[ 2016-08-23T00:00:48+08:00 ]Error: Constant DEBUG already defined/www/video/hdphp2.0/storage/view/index_php_828e0.php (11).
[ 2016-08-23T00:00:48+08:00 ]Error: Constant HDPHP_VERSION already defined/www/video/hdphp2.0/hdphp/hdphp.php (14).
[ 2016-08-23T00:00:48+08:00 ]Error: Constant RELEASE_VERSION already defined/www/video/hdphp2.0/hdphp/hdphp.php (15).
[ 2016-08-23T00:00:48+08:00 ]Error: Constant HDPHP_PATH already defined/www/video/hdphp2.0/hdphp/hdphp.php (16).
[ 2016-08-23T00:00:48+08:00 ]Error: Constant DS already defined/www/video/hdphp2.0/hdphp/hdphp.php (17).
[ 2016-08-23T00:00:48+08:00 ]Error: Constant ROOT_PATH already defined/www/video/hdphp2.0/hdphp/hdphp.php (18).
[ 2016-08-23T00:00:48+08:00 ]Error: Constant IS_CGI already defined/www/video/hdphp2.0/hdphp/hdphp.php (20).
[ 2016-08-23T00:00:48+08:00 ]Error: Constant IS_WIN already defined/www/video/hdphp2.0/hdphp/hdphp.php (21).
[ 2016-08-23T00:00:48+08:00 ]Error: Constant IS_CLI already defined/www/video/hdphp2.0/hdphp/hdphp.php (22).
[ 2016-08-23T00:00:48+08:00 ]Error: Constant NOW already defined/www/video/hdphp2.0/hdphp/hdphp.php (23).
[ 2016-08-23T00:00:48+08:00 ]Error: Constant NOW_MICROTIME already defined/www/video/hdphp2.0/hdphp/hdphp.php (24).
[ 2016-08-23T00:00:48+08:00 ]Error: Constant IS_GET already defined/www/video/hdphp2.0/hdphp/hdphp.php (28).
[ 2016-08-23T00:00:48+08:00 ]Error: Constant IS_POST already defined/www/video/hdphp2.0/hdphp/hdphp.php (29).
[ 2016-08-23T00:00:48+08:00 ]Error: Constant IS_DELETE already defined/www/video/hdphp2.0/hdphp/hdphp.php (30).
[ 2016-08-23T00:00:48+08:00 ]Error: Constant IS_PUT already defined/www/video/hdphp2.0/hdphp/hdphp.php (31).
[ 2016-08-23T00:00:48+08:00 ]Error: Constant IS_AJAX already defined/www/video/hdphp2.0/hdphp/hdphp.php (32).
[ 2016-08-23T00:00:48+08:00 ]Error: Constant IS_WEIXIN already defined/www/video/hdphp2.0/hdphp/hdphp.php (33).
[ 2016-08-23T00:00:48+08:00 ]Error: Constant __ROOT__ already defined/www/video/hdphp2.0/hdphp/hdphp.php (34).
[ 2016-08-23T00:00:48+08:00 ]Error: Constant __URL__ already defined/www/video/hdphp2.0/hdphp/hdphp.php (35).
[ 2016-08-23T00:00:48+08:00 ]Error: Constant __HISTORY__ already defined/www/video/hdphp2.0/hdphp/hdphp.php (36).
[ 2016-08-23T00:01:01+08:00 ]Error: Constant DEBUG already defined/www/video/hdphp2.0/storage/view/index_php_828e0.php (11).
[ 2016-08-23T00:01:01+08:00 ]Error: Constant HDPHP_VERSION already defined/www/video/hdphp2.0/hdphp/hdphp.php (14).
[ 2016-08-23T00:01:01+08:00 ]Error: Constant RELEASE_VERSION already defined/www/video/hdphp2.0/hdphp/hdphp.php (15).
[ 2016-08-23T00:01:01+08:00 ]Error: Constant HDPHP_PATH already defined/www/video/hdphp2.0/hdphp/hdphp.php (16).
[ 2016-08-23T00:01:01+08:00 ]Error: Constant DS already defined/www/video/hdphp2.0/hdphp/hdphp.php (17).
[ 2016-08-23T00:01:01+08:00 ]Error: Constant ROOT_PATH already defined/www/video/hdphp2.0/hdphp/hdphp.php (18).
[ 2016-08-23T00:01:01+08:00 ]Error: Constant IS_CGI already defined/www/video/hdphp2.0/hdphp/hdphp.php (20).
[ 2016-08-23T00:01:01+08:00 ]Error: Constant IS_WIN already defined/www/video/hdphp2.0/hdphp/hdphp.php (21).
[ 2016-08-23T00:01:01+08:00 ]Error: Constant IS_CLI already defined/www/video/hdphp2.0/hdphp/hdphp.php (22).
[ 2016-08-23T00:01:01+08:00 ]Error: Constant NOW already defined/www/video/hdphp2.0/hdphp/hdphp.php (23).
[ 2016-08-23T00:01:01+08:00 ]Error: Constant NOW_MICROTIME already defined/www/video/hdphp2.0/hdphp/hdphp.php (24).
[ 2016-08-23T00:01:01+08:00 ]Error: Constant IS_GET already defined/www/video/hdphp2.0/hdphp/hdphp.php (28).
[ 2016-08-23T00:01:01+08:00 ]Error: Constant IS_POST already defined/www/video/hdphp2.0/hdphp/hdphp.php (29).
[ 2016-08-23T00:01:01+08:00 ]Error: Constant IS_DELETE already defined/www/video/hdphp2.0/hdphp/hdphp.php (30).
[ 2016-08-23T00:01:01+08:00 ]Error: Constant IS_PUT already defined/www/video/hdphp2.0/hdphp/hdphp.php (31).
[ 2016-08-23T00:01:01+08:00 ]Error: Constant IS_AJAX already defined/www/video/hdphp2.0/hdphp/hdphp.php (32).
[ 2016-08-23T00:01:01+08:00 ]Error: Constant IS_WEIXIN already defined/www/video/hdphp2.0/hdphp/hdphp.php (33).
[ 2016-08-23T00:01:01+08:00 ]Error: Constant __ROOT__ already defined/www/video/hdphp2.0/hdphp/hdphp.php (34).
[ 2016-08-23T00:01:01+08:00 ]Error: Constant __URL__ already defined/www/video/hdphp2.0/hdphp/hdphp.php (35).
[ 2016-08-23T00:01:01+08:00 ]Error: Constant __HISTORY__ already defined/www/video/hdphp2.0/hdphp/hdphp.php (36).
[ 2016-08-23T00:01:08+08:00 ]Error: Constant DEBUG already defined/www/video/hdphp2.0/storage/view/index_php_828e0.php (11).
[ 2016-08-23T00:01:08+08:00 ]Error: Cannot modify header information - headers already sent by (output started at /www/video/hdphp2.0/hdphp/view/View.php:57)/www/video/hdphp2.0/hdphp/hdphp.php (10).
[ 2016-08-23T00:01:08+08:00 ]Error: Constant HDPHP_VERSION already defined/www/video/hdphp2.0/hdphp/hdphp.php (14).
[ 2016-08-23T00:01:08+08:00 ]Error: Constant RELEASE_VERSION already defined/www/video/hdphp2.0/hdphp/hdphp.php (15).
[ 2016-08-23T00:01:08+08:00 ]Error: Constant HDPHP_PATH already defined/www/video/hdphp2.0/hdphp/hdphp.php (16).
[ 2016-08-23T00:01:08+08:00 ]Error: Constant DS already defined/www/video/hdphp2.0/hdphp/hdphp.php (17).
[ 2016-08-23T00:01:08+08:00 ]Error: Constant ROOT_PATH already defined/www/video/hdphp2.0/hdphp/hdphp.php (18).
[ 2016-08-23T00:01:08+08:00 ]Error: Constant IS_CGI already defined/www/video/hdphp2.0/hdphp/hdphp.php (20).
[ 2016-08-23T00:01:08+08:00 ]Error: Constant IS_WIN already defined/www/video/hdphp2.0/hdphp/hdphp.php (21).
[ 2016-08-23T00:01:08+08:00 ]Error: Constant IS_CLI already defined/www/video/hdphp2.0/hdphp/hdphp.php (22).
[ 2016-08-23T00:01:08+08:00 ]Error: Constant NOW already defined/www/video/hdphp2.0/hdphp/hdphp.php (23).
[ 2016-08-23T00:01:08+08:00 ]Error: Constant NOW_MICROTIME already defined/www/video/hdphp2.0/hdphp/hdphp.php (24).
[ 2016-08-23T00:01:08+08:00 ]Error: Constant IS_GET already defined/www/video/hdphp2.0/hdphp/hdphp.php (28).
[ 2016-08-23T00:01:08+08:00 ]Error: Constant IS_POST already defined/www/video/hdphp2.0/hdphp/hdphp.php (29).
[ 2016-08-23T00:01:08+08:00 ]Error: Constant IS_DELETE already defined/www/video/hdphp2.0/hdphp/hdphp.php (30).
[ 2016-08-23T00:01:08+08:00 ]Error: Constant IS_PUT already defined/www/video/hdphp2.0/hdphp/hdphp.php (31).
[ 2016-08-23T00:01:08+08:00 ]Error: Constant IS_AJAX already defined/www/video/hdphp2.0/hdphp/hdphp.php (32).
[ 2016-08-23T00:01:08+08:00 ]Error: Constant IS_WEIXIN already defined/www/video/hdphp2.0/hdphp/hdphp.php (33).
[ 2016-08-23T00:01:08+08:00 ]Error: Constant __ROOT__ already defined/www/video/hdphp2.0/hdphp/hdphp.php (34).
[ 2016-08-23T00:01:08+08:00 ]Error: Constant __URL__ already defined/www/video/hdphp2.0/hdphp/hdphp.php (35).
[ 2016-08-23T00:01:08+08:00 ]Error: Constant __HISTORY__ already defined/www/video/hdphp2.0/hdphp/hdphp.php (36).
[ 2016-08-23T00:01:27+08:00 ]Error: Constant DEBUG already defined/www/video/hdphp2.0/storage/view/index_php_828e0.php (11).
[ 2016-08-23T00:01:27+08:00 ]Error: Cannot modify header information - headers already sent by (output started at /www/video/hdphp2.0/hdphp/view/View.php:57)/www/video/hdphp2.0/hdphp/hdphp.php (10).
[ 2016-08-23T00:01:27+08:00 ]Error: Constant HDPHP_VERSION already defined/www/video/hdphp2.0/hdphp/hdphp.php (14).
[ 2016-08-23T00:01:27+08:00 ]Error: Constant RELEASE_VERSION already defined/www/video/hdphp2.0/hdphp/hdphp.php (15).
[ 2016-08-23T00:01:27+08:00 ]Error: Constant HDPHP_PATH already defined/www/video/hdphp2.0/hdphp/hdphp.php (16).
[ 2016-08-23T00:01:27+08:00 ]Error: Constant DS already defined/www/video/hdphp2.0/hdphp/hdphp.php (17).
[ 2016-08-23T00:01:27+08:00 ]Error: Constant ROOT_PATH already defined/www/video/hdphp2.0/hdphp/hdphp.php (18).
[ 2016-08-23T00:01:27+08:00 ]Error: Constant IS_CGI already defined/www/video/hdphp2.0/hdphp/hdphp.php (20).
[ 2016-08-23T00:01:27+08:00 ]Error: Constant IS_WIN already defined/www/video/hdphp2.0/hdphp/hdphp.php (21).
[ 2016-08-23T00:01:27+08:00 ]Error: Constant IS_CLI already defined/www/video/hdphp2.0/hdphp/hdphp.php (22).
[ 2016-08-23T00:01:27+08:00 ]Error: Constant NOW already defined/www/video/hdphp2.0/hdphp/hdphp.php (23).
[ 2016-08-23T00:01:27+08:00 ]Error: Constant NOW_MICROTIME already defined/www/video/hdphp2.0/hdphp/hdphp.php (24).
[ 2016-08-23T00:01:27+08:00 ]Error: Constant IS_GET already defined/www/video/hdphp2.0/hdphp/hdphp.php (28).
[ 2016-08-23T00:01:27+08:00 ]Error: Constant IS_POST already defined/www/video/hdphp2.0/hdphp/hdphp.php (29).
[ 2016-08-23T00:01:27+08:00 ]Error: Constant IS_DELETE already defined/www/video/hdphp2.0/hdphp/hdphp.php (30).
[ 2016-08-23T00:01:27+08:00 ]Error: Constant IS_PUT already defined/www/video/hdphp2.0/hdphp/hdphp.php (31).
[ 2016-08-23T00:01:27+08:00 ]Error: Constant IS_AJAX already defined/www/video/hdphp2.0/hdphp/hdphp.php (32).
[ 2016-08-23T00:01:27+08:00 ]Error: Constant IS_WEIXIN already defined/www/video/hdphp2.0/hdphp/hdphp.php (33).
[ 2016-08-23T00:01:27+08:00 ]Error: Constant __ROOT__ already defined/www/video/hdphp2.0/hdphp/hdphp.php (34).
[ 2016-08-23T00:01:27+08:00 ]Error: Constant __URL__ already defined/www/video/hdphp2.0/hdphp/hdphp.php (35).
[ 2016-08-23T00:01:27+08:00 ]Error: Constant __HISTORY__ already defined/www/video/hdphp2.0/hdphp/hdphp.php (36).
[ 2016-08-23T00:01:29+08:00 ]Error: Constant DEBUG already defined/www/video/hdphp2.0/storage/view/index_php_828e0.php (11).
[ 2016-08-23T00:01:29+08:00 ]Error: Cannot modify header information - headers already sent by (output started at /www/video/hdphp2.0/hdphp/view/View.php:57)/www/video/hdphp2.0/hdphp/hdphp.php (10).
[ 2016-08-23T00:01:29+08:00 ]Error: Constant HDPHP_VERSION already defined/www/video/hdphp2.0/hdphp/hdphp.php (14).
[ 2016-08-23T00:01:29+08:00 ]Error: Constant RELEASE_VERSION already defined/www/video/hdphp2.0/hdphp/hdphp.php (15).
[ 2016-08-23T00:01:29+08:00 ]Error: Constant HDPHP_PATH already defined/www/video/hdphp2.0/hdphp/hdphp.php (16).
[ 2016-08-23T00:01:29+08:00 ]Error: Constant DS already defined/www/video/hdphp2.0/hdphp/hdphp.php (17).
[ 2016-08-23T00:01:29+08:00 ]Error: Constant ROOT_PATH already defined/www/video/hdphp2.0/hdphp/hdphp.php (18).
[ 2016-08-23T00:01:29+08:00 ]Error: Constant IS_CGI already defined/www/video/hdphp2.0/hdphp/hdphp.php (20).
[ 2016-08-23T00:01:29+08:00 ]Error: Constant IS_WIN already defined/www/video/hdphp2.0/hdphp/hdphp.php (21).
[ 2016-08-23T00:01:29+08:00 ]Error: Constant IS_CLI already defined/www/video/hdphp2.0/hdphp/hdphp.php (22).
[ 2016-08-23T00:01:29+08:00 ]Error: Constant NOW already defined/www/video/hdphp2.0/hdphp/hdphp.php (23).
[ 2016-08-23T00:01:29+08:00 ]Error: Constant NOW_MICROTIME already defined/www/video/hdphp2.0/hdphp/hdphp.php (24).
[ 2016-08-23T00:01:29+08:00 ]Error: Constant IS_GET already defined/www/video/hdphp2.0/hdphp/hdphp.php (28).
[ 2016-08-23T00:01:29+08:00 ]Error: Constant IS_POST already defined/www/video/hdphp2.0/hdphp/hdphp.php (29).
[ 2016-08-23T00:01:29+08:00 ]Error: Constant IS_DELETE already defined/www/video/hdphp2.0/hdphp/hdphp.php (30).
[ 2016-08-23T00:01:29+08:00 ]Error: Constant IS_PUT already defined/www/video/hdphp2.0/hdphp/hdphp.php (31).
[ 2016-08-23T00:01:29+08:00 ]Error: Constant IS_AJAX already defined/www/video/hdphp2.0/hdphp/hdphp.php (32).
[ 2016-08-23T00:01:29+08:00 ]Error: Constant IS_WEIXIN already defined/www/video/hdphp2.0/hdphp/hdphp.php (33).
[ 2016-08-23T00:01:29+08:00 ]Error: Constant __ROOT__ already defined/www/video/hdphp2.0/hdphp/hdphp.php (34).
[ 2016-08-23T00:01:29+08:00 ]Error: Constant __URL__ already defined/www/video/hdphp2.0/hdphp/hdphp.php (35).
[ 2016-08-23T00:01:29+08:00 ]Error: Constant __HISTORY__ already defined/www/video/hdphp2.0/hdphp/hdphp.php (36).
[ 2016-08-23T00:02:04+08:00 ]Error: Constant DEBUG already defined/www/video/hdphp2.0/storage/view/index_php_828e0.php (11).
[ 2016-08-23T00:02:04+08:00 ]Error: Cannot modify header information - headers already sent by (output started at /www/video/hdphp2.0/hdphp/view/View.php:57)/www/video/hdphp2.0/hdphp/hdphp.php (10).
[ 2016-08-23T00:02:04+08:00 ]Error: Constant HDPHP_VERSION already defined/www/video/hdphp2.0/hdphp/hdphp.php (14).
[ 2016-08-23T00:02:04+08:00 ]Error: Constant RELEASE_VERSION already defined/www/video/hdphp2.0/hdphp/hdphp.php (15).
[ 2016-08-23T00:02:04+08:00 ]Error: Constant HDPHP_PATH already defined/www/video/hdphp2.0/hdphp/hdphp.php (16).
[ 2016-08-23T00:02:04+08:00 ]Error: Constant DS already defined/www/video/hdphp2.0/hdphp/hdphp.php (17).
[ 2016-08-23T00:02:04+08:00 ]Error: Constant ROOT_PATH already defined/www/video/hdphp2.0/hdphp/hdphp.php (18).
[ 2016-08-23T00:02:04+08:00 ]Error: Constant IS_CGI already defined/www/video/hdphp2.0/hdphp/hdphp.php (20).
[ 2016-08-23T00:02:04+08:00 ]Error: Constant IS_WIN already defined/www/video/hdphp2.0/hdphp/hdphp.php (21).
[ 2016-08-23T00:02:04+08:00 ]Error: Constant IS_CLI already defined/www/video/hdphp2.0/hdphp/hdphp.php (22).
[ 2016-08-23T00:02:04+08:00 ]Error: Constant NOW already defined/www/video/hdphp2.0/hdphp/hdphp.php (23).
[ 2016-08-23T00:02:04+08:00 ]Error: Constant NOW_MICROTIME already defined/www/video/hdphp2.0/hdphp/hdphp.php (24).
[ 2016-08-23T00:02:04+08:00 ]Error: Constant IS_GET already defined/www/video/hdphp2.0/hdphp/hdphp.php (28).
[ 2016-08-23T00:02:04+08:00 ]Error: Constant IS_POST already defined/www/video/hdphp2.0/hdphp/hdphp.php (29).
[ 2016-08-23T00:02:04+08:00 ]Error: Constant IS_DELETE already defined/www/video/hdphp2.0/hdphp/hdphp.php (30).
[ 2016-08-23T00:02:04+08:00 ]Error: Constant IS_PUT already defined/www/video/hdphp2.0/hdphp/hdphp.php (31).
[ 2016-08-23T00:02:04+08:00 ]Error: Constant IS_AJAX already defined/www/video/hdphp2.0/hdphp/hdphp.php (32).
[ 2016-08-23T00:02:04+08:00 ]Error: Constant IS_WEIXIN already defined/www/video/hdphp2.0/hdphp/hdphp.php (33).
[ 2016-08-23T00:02:04+08:00 ]Error: Constant __ROOT__ already defined/www/video/hdphp2.0/hdphp/hdphp.php (34).
[ 2016-08-23T00:02:04+08:00 ]Error: Constant __URL__ already defined/www/video/hdphp2.0/hdphp/hdphp.php (35).
[ 2016-08-23T00:02:04+08:00 ]Error: Constant __HISTORY__ already defined/www/video/hdphp2.0/hdphp/hdphp.php (36).
[ 2016-08-23T00:02:05+08:00 ]Error: Constant DEBUG already defined/www/video/hdphp2.0/storage/view/index_php_828e0.php (11).
[ 2016-08-23T00:02:05+08:00 ]Error: Cannot modify header information - headers already sent by (output started at /www/video/hdphp2.0/hdphp/view/View.php:57)/www/video/hdphp2.0/hdphp/hdphp.php (10).
[ 2016-08-23T00:02:05+08:00 ]Error: Constant HDPHP_VERSION already defined/www/video/hdphp2.0/hdphp/hdphp.php (14).
[ 2016-08-23T00:02:05+08:00 ]Error: Constant RELEASE_VERSION already defined/www/video/hdphp2.0/hdphp/hdphp.php (15).
[ 2016-08-23T00:02:05+08:00 ]Error: Constant HDPHP_PATH already defined/www/video/hdphp2.0/hdphp/hdphp.php (16).
[ 2016-08-23T00:02:05+08:00 ]Error: Constant DS already defined/www/video/hdphp2.0/hdphp/hdphp.php (17).
[ 2016-08-23T00:02:05+08:00 ]Error: Constant ROOT_PATH already defined/www/video/hdphp2.0/hdphp/hdphp.php (18).
[ 2016-08-23T00:02:05+08:00 ]Error: Constant IS_CGI already defined/www/video/hdphp2.0/hdphp/hdphp.php (20).
[ 2016-08-23T00:02:05+08:00 ]Error: Constant IS_WIN already defined/www/video/hdphp2.0/hdphp/hdphp.php (21).
[ 2016-08-23T00:02:05+08:00 ]Error: Constant IS_CLI already defined/www/video/hdphp2.0/hdphp/hdphp.php (22).
[ 2016-08-23T00:02:05+08:00 ]Error: Constant NOW already defined/www/video/hdphp2.0/hdphp/hdphp.php (23).
[ 2016-08-23T00:02:05+08:00 ]Error: Constant NOW_MICROTIME already defined/www/video/hdphp2.0/hdphp/hdphp.php (24).
[ 2016-08-23T00:02:05+08:00 ]Error: Constant IS_GET already defined/www/video/hdphp2.0/hdphp/hdphp.php (28).
[ 2016-08-23T00:02:05+08:00 ]Error: Constant IS_POST already defined/www/video/hdphp2.0/hdphp/hdphp.php (29).
[ 2016-08-23T00:02:05+08:00 ]Error: Constant IS_DELETE already defined/www/video/hdphp2.0/hdphp/hdphp.php (30).
[ 2016-08-23T00:02:05+08:00 ]Error: Constant IS_PUT already defined/www/video/hdphp2.0/hdphp/hdphp.php (31).
[ 2016-08-23T00:02:05+08:00 ]Error: Constant IS_AJAX already defined/www/video/hdphp2.0/hdphp/hdphp.php (32).
[ 2016-08-23T00:02:05+08:00 ]Error: Constant IS_WEIXIN already defined/www/video/hdphp2.0/hdphp/hdphp.php (33).
[ 2016-08-23T00:02:05+08:00 ]Error: Constant __ROOT__ already defined/www/video/hdphp2.0/hdphp/hdphp.php (34).
[ 2016-08-23T00:02:05+08:00 ]Error: Constant __URL__ already defined/www/video/hdphp2.0/hdphp/hdphp.php (35).
[ 2016-08-23T00:02:05+08:00 ]Error: Constant __HISTORY__ already defined/www/video/hdphp2.0/hdphp/hdphp.php (36).
[ 2016-08-23T00:12:18+08:00 ]Error: Undefined offset: 1/www/video/hdphp2.0/hdphp/cli/Controller/Command.php (24).
[ 2016-08-23T00:14:38+08:00 ]Error: Constant DEBUG already defined/www/video/hdphp2.0/storage/view/index_php_828e0.php (11).
[ 2016-08-23T00:14:38+08:00 ]Error: Constant HDPHP_VERSION already defined/www/video/hdphp2.0/hdphp/hdphp.php (14).
[ 2016-08-23T00:14:38+08:00 ]Error: Constant RELEASE_VERSION already defined/www/video/hdphp2.0/hdphp/hdphp.php (15).
[ 2016-08-23T00:14:38+08:00 ]Error: Constant HDPHP_PATH already defined/www/video/hdphp2.0/hdphp/hdphp.php (16).
[ 2016-08-23T00:14:38+08:00 ]Error: Constant DS already defined/www/video/hdphp2.0/hdphp/hdphp.php (17).
[ 2016-08-23T00:14:38+08:00 ]Error: Constant ROOT_PATH already defined/www/video/hdphp2.0/hdphp/hdphp.php (18).
[ 2016-08-23T00:14:38+08:00 ]Error: Constant IS_CGI already defined/www/video/hdphp2.0/hdphp/hdphp.php (20).
[ 2016-08-23T00:14:38+08:00 ]Error: Constant IS_WIN already defined/www/video/hdphp2.0/hdphp/hdphp.php (21).
[ 2016-08-23T00:14:38+08:00 ]Error: Constant IS_CLI already defined/www/video/hdphp2.0/hdphp/hdphp.php (22).
[ 2016-08-23T00:14:38+08:00 ]Error: Constant NOW already defined/www/video/hdphp2.0/hdphp/hdphp.php (23).
[ 2016-08-23T00:14:38+08:00 ]Error: Constant NOW_MICROTIME already defined/www/video/hdphp2.0/hdphp/hdphp.php (24).
[ 2016-08-23T00:14:38+08:00 ]Error: Constant IS_GET already defined/www/video/hdphp2.0/hdphp/hdphp.php (28).
[ 2016-08-23T00:14:38+08:00 ]Error: Constant IS_POST already defined/www/video/hdphp2.0/hdphp/hdphp.php (29).
[ 2016-08-23T00:14:38+08:00 ]Error: Constant IS_DELETE already defined/www/video/hdphp2.0/hdphp/hdphp.php (30).
[ 2016-08-23T00:14:38+08:00 ]Error: Constant IS_PUT already defined/www/video/hdphp2.0/hdphp/hdphp.php (31).
[ 2016-08-23T00:14:38+08:00 ]Error: Constant IS_AJAX already defined/www/video/hdphp2.0/hdphp/hdphp.php (32).
[ 2016-08-23T00:14:38+08:00 ]Error: Constant IS_WEIXIN already defined/www/video/hdphp2.0/hdphp/hdphp.php (33).
[ 2016-08-23T00:14:38+08:00 ]Error: Constant __ROOT__ already defined/www/video/hdphp2.0/hdphp/hdphp.php (34).
[ 2016-08-23T00:14:38+08:00 ]Error: Constant __URL__ already defined/www/video/hdphp2.0/hdphp/hdphp.php (35).
[ 2016-08-23T00:14:38+08:00 ]Error: Constant __HISTORY__ already defined/www/video/hdphp2.0/hdphp/hdphp.php (36).
[ 2016-08-23T00:17:46+08:00 ]Error: Constant DEBUG already defined/www/video/hdphp2.0/storage/view/index_php_828e0.php (11).
[ 2016-08-23T00:17:46+08:00 ]Error: Constant HDPHP_VERSION already defined/www/video/hdphp2.0/hdphp/hdphp.php (14).
[ 2016-08-23T00:17:46+08:00 ]Error: Constant RELEASE_VERSION already defined/www/video/hdphp2.0/hdphp/hdphp.php (15).
[ 2016-08-23T00:17:46+08:00 ]Error: Constant HDPHP_PATH already defined/www/video/hdphp2.0/hdphp/hdphp.php (16).
[ 2016-08-23T00:17:46+08:00 ]Error: Constant DS already defined/www/video/hdphp2.0/hdphp/hdphp.php (17).
[ 2016-08-23T00:17:46+08:00 ]Error: Constant ROOT_PATH already defined/www/video/hdphp2.0/hdphp/hdphp.php (18).
[ 2016-08-23T00:17:46+08:00 ]Error: Constant IS_CGI already defined/www/video/hdphp2.0/hdphp/hdphp.php (20).
[ 2016-08-23T00:17:46+08:00 ]Error: Constant IS_WIN already defined/www/video/hdphp2.0/hdphp/hdphp.php (21).
[ 2016-08-23T00:17:46+08:00 ]Error: Constant IS_CLI already defined/www/video/hdphp2.0/hdphp/hdphp.php (22).
[ 2016-08-23T00:17:46+08:00 ]Error: Constant NOW already defined/www/video/hdphp2.0/hdphp/hdphp.php (23).
[ 2016-08-23T00:17:46+08:00 ]Error: Constant NOW_MICROTIME already defined/www/video/hdphp2.0/hdphp/hdphp.php (24).
[ 2016-08-23T00:17:46+08:00 ]Error: Constant IS_GET already defined/www/video/hdphp2.0/hdphp/hdphp.php (28).
[ 2016-08-23T00:17:46+08:00 ]Error: Constant IS_POST already defined/www/video/hdphp2.0/hdphp/hdphp.php (29).
[ 2016-08-23T00:17:46+08:00 ]Error: Constant IS_DELETE already defined/www/video/hdphp2.0/hdphp/hdphp.php (30).
[ 2016-08-23T00:17:46+08:00 ]Error: Constant IS_PUT already defined/www/video/hdphp2.0/hdphp/hdphp.php (31).
[ 2016-08-23T00:17:46+08:00 ]Error: Constant IS_AJAX already defined/www/video/hdphp2.0/hdphp/hdphp.php (32).
[ 2016-08-23T00:17:46+08:00 ]Error: Constant IS_WEIXIN already defined/www/video/hdphp2.0/hdphp/hdphp.php (33).
[ 2016-08-23T00:17:46+08:00 ]Error: Constant __ROOT__ already defined/www/video/hdphp2.0/hdphp/hdphp.php (34).
[ 2016-08-23T00:17:46+08:00 ]Error: Constant __URL__ already defined/www/video/hdphp2.0/hdphp/hdphp.php (35).
[ 2016-08-23T00:17:46+08:00 ]Error: Constant __HISTORY__ already defined/www/video/hdphp2.0/hdphp/hdphp.php (36).
[ 2016-08-23T00:17:49+08:00 ]Error: Constant DEBUG already defined/www/video/hdphp2.0/storage/view/index_php_828e0.php (11).
[ 2016-08-23T00:17:49+08:00 ]Error: Constant HDPHP_VERSION already defined/www/video/hdphp2.0/hdphp/hdphp.php (14).
[ 2016-08-23T00:17:49+08:00 ]Error: Constant RELEASE_VERSION already defined/www/video/hdphp2.0/hdphp/hdphp.php (15).
[ 2016-08-23T00:17:49+08:00 ]Error: Constant HDPHP_PATH already defined/www/video/hdphp2.0/hdphp/hdphp.php (16).
[ 2016-08-23T00:17:49+08:00 ]Error: Constant DS already defined/www/video/hdphp2.0/hdphp/hdphp.php (17).
[ 2016-08-23T00:17:49+08:00 ]Error: Constant ROOT_PATH already defined/www/video/hdphp2.0/hdphp/hdphp.php (18).
[ 2016-08-23T00:17:49+08:00 ]Error: Constant IS_CGI already defined/www/video/hdphp2.0/hdphp/hdphp.php (20).
[ 2016-08-23T00:17:49+08:00 ]Error: Constant IS_WIN already defined/www/video/hdphp2.0/hdphp/hdphp.php (21).
[ 2016-08-23T00:17:49+08:00 ]Error: Constant IS_CLI already defined/www/video/hdphp2.0/hdphp/hdphp.php (22).
[ 2016-08-23T00:17:49+08:00 ]Error: Constant NOW already defined/www/video/hdphp2.0/hdphp/hdphp.php (23).
[ 2016-08-23T00:17:49+08:00 ]Error: Constant NOW_MICROTIME already defined/www/video/hdphp2.0/hdphp/hdphp.php (24).
[ 2016-08-23T00:17:49+08:00 ]Error: Constant IS_GET already defined/www/video/hdphp2.0/hdphp/hdphp.php (28).
[ 2016-08-23T00:17:49+08:00 ]Error: Constant IS_POST already defined/www/video/hdphp2.0/hdphp/hdphp.php (29).
[ 2016-08-23T00:17:49+08:00 ]Error: Constant IS_DELETE already defined/www/video/hdphp2.0/hdphp/hdphp.php (30).
[ 2016-08-23T00:17:49+08:00 ]Error: Constant IS_PUT already defined/www/video/hdphp2.0/hdphp/hdphp.php (31).
[ 2016-08-23T00:17:49+08:00 ]Error: Constant IS_AJAX already defined/www/video/hdphp2.0/hdphp/hdphp.php (32).
[ 2016-08-23T00:17:49+08:00 ]Error: Constant IS_WEIXIN already defined/www/video/hdphp2.0/hdphp/hdphp.php (33).
[ 2016-08-23T00:17:49+08:00 ]Error: Constant __ROOT__ already defined/www/video/hdphp2.0/hdphp/hdphp.php (34).
[ 2016-08-23T00:17:49+08:00 ]Error: Constant __URL__ already defined/www/video/hdphp2.0/hdphp/hdphp.php (35).
[ 2016-08-23T00:17:49+08:00 ]Error: Constant __HISTORY__ already defined/www/video/hdphp2.0/hdphp/hdphp.php (36).
