[ 2016-08-22T23:52:36+08:00 ]Error: Constant DEBUG already defined/www/video/hdphp2.0/storage/view/index_php_828e0.php (11).
[ 2016-08-22T23:52:36+08:00 ]Error: Constant HDPHP_VERSION already defined/www/video/hdphp2.0/hdphp/hdphp.php (14).
[ 2016-08-22T23:52:36+08:00 ]Error: Constant RELEASE_VERSION already defined/www/video/hdphp2.0/hdphp/hdphp.php (15).
[ 2016-08-22T23:52:36+08:00 ]Error: Constant HDPHP_PATH already defined/www/video/hdphp2.0/hdphp/hdphp.php (16).
[ 2016-08-22T23:52:36+08:00 ]Error: Constant DS already defined/www/video/hdphp2.0/hdphp/hdphp.php (17).
[ 2016-08-22T23:52:36+08:00 ]Error: Constant ROOT_PATH already defined/www/video/hdphp2.0/hdphp/hdphp.php (18).
[ 2016-08-22T23:52:36+08:00 ]Error: Constant IS_CGI already defined/www/video/hdphp2.0/hdphp/hdphp.php (20).
[ 2016-08-22T23:52:36+08:00 ]Error: Constant IS_WIN already defined/www/video/hdphp2.0/hdphp/hdphp.php (21).
[ 2016-08-22T23:52:36+08:00 ]Error: Constant IS_CLI already defined/www/video/hdphp2.0/hdphp/hdphp.php (22).
[ 2016-08-22T23:52:36+08:00 ]Error: Constant NOW already defined/www/video/hdphp2.0/hdphp/hdphp.php (23).
[ 2016-08-22T23:52:36+08:00 ]Error: Constant NOW_MICROTIME already defined/www/video/hdphp2.0/hdphp/hdphp.php (24).
[ 2016-08-22T23:52:36+08:00 ]Error: Constant IS_GET already defined/www/video/hdphp2.0/hdphp/hdphp.php (28).
[ 2016-08-22T23:52:36+08:00 ]Error: Constant IS_POST already defined/www/video/hdphp2.0/hdphp/hdphp.php (29).
[ 2016-08-22T23:52:36+08:00 ]Error: Constant IS_DELETE already defined/www/video/hdphp2.0/hdphp/hdphp.php (30).
[ 2016-08-22T23:52:36+08:00 ]Error: Constant IS_PUT already defined/www/video/hdphp2.0/hdphp/hdphp.php (31).
[ 2016-08-22T23:52:36+08:00 ]Error: Constant IS_AJAX already defined/www/video/hdphp2.0/hdphp/hdphp.php (32).
[ 2016-08-22T23:52:36+08:00 ]Error: Constant IS_WEIXIN already defined/www/video/hdphp2.0/hdphp/hdphp.php (33).
[ 2016-08-22T23:52:36+08:00 ]Error: Constant __ROOT__ already defined/www/video/hdphp2.0/hdphp/hdphp.php (34).
[ 2016-08-22T23:52:36+08:00 ]Error: Constant __URL__ already defined/www/video/hdphp2.0/hdphp/hdphp.php (35).
[ 2016-08-22T23:52:36+08:00 ]Error: Constant __HISTORY__ already defined/www/video/hdphp2.0/hdphp/hdphp.php (36).
[ 2016-08-22T23:56:06+08:00 ]Error: Constant DEBUG already defined/www/video/hdphp2.0/storage/view/index_php_828e0.php (11).
[ 2016-08-22T23:56:06+08:00 ]Error: Constant HDPHP_VERSION already defined/www/video/hdphp2.0/hdphp/hdphp.php (14).
[ 2016-08-22T23:56:06+08:00 ]Error: Constant RELEASE_VERSION already defined/www/video/hdphp2.0/hdphp/hdphp.php (15).
[ 2016-08-22T23:56:06+08:00 ]Error: Constant HDPHP_PATH already defined/www/video/hdphp2.0/hdphp/hdphp.php (16).
[ 2016-08-22T23:56:06+08:00 ]Error: Constant DS already defined/www/video/hdphp2.0/hdphp/hdphp.php (17).
[ 2016-08-22T23:56:06+08:00 ]Error: Constant ROOT_PATH already defined/www/video/hdphp2.0/hdphp/hdphp.php (18).
[ 2016-08-22T23:56:06+08:00 ]Error: Constant IS_CGI already defined/www/video/hdphp2.0/hdphp/hdphp.php (20).
[ 2016-08-22T23:56:06+08:00 ]Error: Constant IS_WIN already defined/www/video/hdphp2.0/hdphp/hdphp.php (21).
[ 2016-08-22T23:56:06+08:00 ]Error: Constant IS_CLI already defined/www/video/hdphp2.0/hdphp/hdphp.php (22).
[ 2016-08-22T23:56:06+08:00 ]Error: Constant NOW already defined/www/video/hdphp2.0/hdphp/hdphp.php (23).
[ 2016-08-22T23:56:06+08:00 ]Error: Constant NOW_MICROTIME already defined/www/video/hdphp2.0/hdphp/hdphp.php (24).
[ 2016-08-22T23:56:06+08:00 ]Error: Constant IS_GET already defined/www/video/hdphp2.0/hdphp/hdphp.php (28).
[ 2016-08-22T23:56:06+08:00 ]Error: Constant IS_POST already defined/www/video/hdphp2.0/hdphp/hdphp.php (29).
[ 2016-08-22T23:56:06+08:00 ]Error: Constant IS_DELETE already defined/www/video/hdphp2.0/hdphp/hdphp.php (30).
[ 2016-08-22T23:56:06+08:00 ]Error: Constant IS_PUT already defined/www/video/hdphp2.0/hdphp/hdphp.php (31).
[ 2016-08-22T23:56:06+08:00 ]Error: Constant IS_AJAX already defined/www/video/hdphp2.0/hdphp/hdphp.php (32).
[ 2016-08-22T23:56:06+08:00 ]Error: Constant IS_WEIXIN already defined/www/video/hdphp2.0/hdphp/hdphp.php (33).
[ 2016-08-22T23:56:06+08:00 ]Error: Constant __ROOT__ already defined/www/video/hdphp2.0/hdphp/hdphp.php (34).
[ 2016-08-22T23:56:06+08:00 ]Error: Constant __URL__ already defined/www/video/hdphp2.0/hdphp/hdphp.php (35).
[ 2016-08-22T23:56:06+08:00 ]Error: Constant __HISTORY__ already defined/www/video/hdphp2.0/hdphp/hdphp.php (36).
[ 2016-08-22T23:56:08+08:00 ]Error: Constant DEBUG already defined/www/video/hdphp2.0/storage/view/index_php_828e0.php (11).
[ 2016-08-22T23:56:08+08:00 ]Error: Constant HDPHP_VERSION already defined/www/video/hdphp2.0/hdphp/hdphp.php (14).
[ 2016-08-22T23:56:08+08:00 ]Error: Constant RELEASE_VERSION already defined/www/video/hdphp2.0/hdphp/hdphp.php (15).
[ 2016-08-22T23:56:08+08:00 ]Error: Constant HDPHP_PATH already defined/www/video/hdphp2.0/hdphp/hdphp.php (16).
[ 2016-08-22T23:56:08+08:00 ]Error: Constant DS already defined/www/video/hdphp2.0/hdphp/hdphp.php (17).
[ 2016-08-22T23:56:08+08:00 ]Error: Constant ROOT_PATH already defined/www/video/hdphp2.0/hdphp/hdphp.php (18).
[ 2016-08-22T23:56:08+08:00 ]Error: Constant IS_CGI already defined/www/video/hdphp2.0/hdphp/hdphp.php (20).
[ 2016-08-22T23:56:08+08:00 ]Error: Constant IS_WIN already defined/www/video/hdphp2.0/hdphp/hdphp.php (21).
[ 2016-08-22T23:56:08+08:00 ]Error: Constant IS_CLI already defined/www/video/hdphp2.0/hdphp/hdphp.php (22).
[ 2016-08-22T23:56:08+08:00 ]Error: Constant NOW already defined/www/video/hdphp2.0/hdphp/hdphp.php (23).
[ 2016-08-22T23:56:08+08:00 ]Error: Constant NOW_MICROTIME already defined/www/video/hdphp2.0/hdphp/hdphp.php (24).
[ 2016-08-22T23:56:08+08:00 ]Error: Constant IS_GET already defined/www/video/hdphp2.0/hdphp/hdphp.php (28).
[ 2016-08-22T23:56:08+08:00 ]Error: Constant IS_POST already defined/www/video/hdphp2.0/hdphp/hdphp.php (29).
[ 2016-08-22T23:56:08+08:00 ]Error: Constant IS_DELETE already defined/www/video/hdphp2.0/hdphp/hdphp.php (30).
[ 2016-08-22T23:56:08+08:00 ]Error: Constant IS_PUT already defined/www/video/hdphp2.0/hdphp/hdphp.php (31).
[ 2016-08-22T23:56:08+08:00 ]Error: Constant IS_AJAX already defined/www/video/hdphp2.0/hdphp/hdphp.php (32).
[ 2016-08-22T23:56:08+08:00 ]Error: Constant IS_WEIXIN already defined/www/video/hdphp2.0/hdphp/hdphp.php (33).
[ 2016-08-22T23:56:08+08:00 ]Error: Constant __ROOT__ already defined/www/video/hdphp2.0/hdphp/hdphp.php (34).
[ 2016-08-22T23:56:08+08:00 ]Error: Constant __URL__ already defined/www/video/hdphp2.0/hdphp/hdphp.php (35).
[ 2016-08-22T23:56:08+08:00 ]Error: Constant __HISTORY__ already defined/www/video/hdphp2.0/hdphp/hdphp.php (36).
[ 2016-08-22T23:56:22+08:00 ]Error: Constant DEBUG already defined/www/video/hdphp2.0/storage/view/index_php_828e0.php (11).
[ 2016-08-22T23:56:22+08:00 ]Error: Constant HDPHP_VERSION already defined/www/video/hdphp2.0/hdphp/hdphp.php (14).
[ 2016-08-22T23:56:22+08:00 ]Error: Constant RELEASE_VERSION already defined/www/video/hdphp2.0/hdphp/hdphp.php (15).
[ 2016-08-22T23:56:22+08:00 ]Error: Constant HDPHP_PATH already defined/www/video/hdphp2.0/hdphp/hdphp.php (16).
[ 2016-08-22T23:56:22+08:00 ]Error: Constant DS already defined/www/video/hdphp2.0/hdphp/hdphp.php (17).
[ 2016-08-22T23:56:22+08:00 ]Error: Constant ROOT_PATH already defined/www/video/hdphp2.0/hdphp/hdphp.php (18).
[ 2016-08-22T23:56:22+08:00 ]Error: Constant IS_CGI already defined/www/video/hdphp2.0/hdphp/hdphp.php (20).
[ 2016-08-22T23:56:22+08:00 ]Error: Constant IS_WIN already defined/www/video/hdphp2.0/hdphp/hdphp.php (21).
[ 2016-08-22T23:56:22+08:00 ]Error: Constant IS_CLI already defined/www/video/hdphp2.0/hdphp/hdphp.php (22).
[ 2016-08-22T23:56:22+08:00 ]Error: Constant NOW already defined/www/video/hdphp2.0/hdphp/hdphp.php (23).
[ 2016-08-22T23:56:22+08:00 ]Error: Constant NOW_MICROTIME already defined/www/video/hdphp2.0/hdphp/hdphp.php (24).
[ 2016-08-22T23:56:22+08:00 ]Error: Constant IS_GET already defined/www/video/hdphp2.0/hdphp/hdphp.php (28).
[ 2016-08-22T23:56:22+08:00 ]Error: Constant IS_POST already defined/www/video/hdphp2.0/hdphp/hdphp.php (29).
[ 2016-08-22T23:56:22+08:00 ]Error: Constant IS_DELETE already defined/www/video/hdphp2.0/hdphp/hdphp.php (30).
[ 2016-08-22T23:56:22+08:00 ]Error: Constant IS_PUT already defined/www/video/hdphp2.0/hdphp/hdphp.php (31).
[ 2016-08-22T23:56:22+08:00 ]Error: Constant IS_AJAX already defined/www/video/hdphp2.0/hdphp/hdphp.php (32).
[ 2016-08-22T23:56:22+08:00 ]Error: Constant IS_WEIXIN already defined/www/video/hdphp2.0/hdphp/hdphp.php (33).
[ 2016-08-22T23:56:22+08:00 ]Error: Constant __ROOT__ already defined/www/video/hdphp2.0/hdphp/hdphp.php (34).
[ 2016-08-22T23:56:22+08:00 ]Error: Constant __URL__ already defined/www/video/hdphp2.0/hdphp/hdphp.php (35).
[ 2016-08-22T23:56:22+08:00 ]Error: Constant __HISTORY__ already defined/www/video/hdphp2.0/hdphp/hdphp.php (36).
[ 2016-08-22T23:56:22+08:00 ]Error: Constant DEBUG already defined/www/video/hdphp2.0/storage/view/index_php_828e0.php (11).
[ 2016-08-22T23:56:22+08:00 ]Error: Constant HDPHP_VERSION already defined/www/video/hdphp2.0/hdphp/hdphp.php (14).
[ 2016-08-22T23:56:22+08:00 ]Error: Constant RELEASE_VERSION already defined/www/video/hdphp2.0/hdphp/hdphp.php (15).
[ 2016-08-22T23:56:22+08:00 ]Error: Constant HDPHP_PATH already defined/www/video/hdphp2.0/hdphp/hdphp.php (16).
[ 2016-08-22T23:56:22+08:00 ]Error: Constant DS already defined/www/video/hdphp2.0/hdphp/hdphp.php (17).
[ 2016-08-22T23:56:22+08:00 ]Error: Constant ROOT_PATH already defined/www/video/hdphp2.0/hdphp/hdphp.php (18).
[ 2016-08-22T23:56:22+08:00 ]Error: Constant IS_CGI already defined/www/video/hdphp2.0/hdphp/hdphp.php (20).
[ 2016-08-22T23:56:22+08:00 ]Error: Constant IS_WIN already defined/www/video/hdphp2.0/hdphp/hdphp.php (21).
[ 2016-08-22T23:56:22+08:00 ]Error: Constant IS_CLI already defined/www/video/hdphp2.0/hdphp/hdphp.php (22).
[ 2016-08-22T23:56:22+08:00 ]Error: Constant NOW already defined/www/video/hdphp2.0/hdphp/hdphp.php (23).
[ 2016-08-22T23:56:22+08:00 ]Error: Constant NOW_MICROTIME already defined/www/video/hdphp2.0/hdphp/hdphp.php (24).
[ 2016-08-22T23:56:22+08:00 ]Error: Constant IS_GET already defined/www/video/hdphp2.0/hdphp/hdphp.php (28).
[ 2016-08-22T23:56:22+08:00 ]Error: Constant IS_POST already defined/www/video/hdphp2.0/hdphp/hdphp.php (29).
[ 2016-08-22T23:56:22+08:00 ]Error: Constant IS_DELETE already defined/www/video/hdphp2.0/hdphp/hdphp.php (30).
[ 2016-08-22T23:56:22+08:00 ]Error: Constant IS_PUT already defined/www/video/hdphp2.0/hdphp/hdphp.php (31).
[ 2016-08-22T23:56:22+08:00 ]Error: Constant IS_AJAX already defined/www/video/hdphp2.0/hdphp/hdphp.php (32).
[ 2016-08-22T23:56:22+08:00 ]Error: Constant IS_WEIXIN already defined/www/video/hdphp2.0/hdphp/hdphp.php (33).
[ 2016-08-22T23:56:22+08:00 ]Error: Constant __ROOT__ already defined/www/video/hdphp2.0/hdphp/hdphp.php (34).
[ 2016-08-22T23:56:22+08:00 ]Error: Constant __URL__ already defined/www/video/hdphp2.0/hdphp/hdphp.php (35).
[ 2016-08-22T23:56:22+08:00 ]Error: Constant __HISTORY__ already defined/www/video/hdphp2.0/hdphp/hdphp.php (36).
[ 2016-08-22T23:57:05+08:00 ]Error: Constant DEBUG already defined/www/video/hdphp2.0/storage/view/index_php_828e0.php (11).
[ 2016-08-22T23:57:05+08:00 ]Error: Cannot modify header information - headers already sent by (output started at /www/video/hdphp2.0/hdphp/cache/File.php:64)/www/video/hdphp2.0/hdphp/hdphp.php (10).
[ 2016-08-22T23:57:05+08:00 ]Error: Constant HDPHP_VERSION already defined/www/video/hdphp2.0/hdphp/hdphp.php (14).
[ 2016-08-22T23:57:05+08:00 ]Error: Constant RELEASE_VERSION already defined/www/video/hdphp2.0/hdphp/hdphp.php (15).
[ 2016-08-22T23:57:05+08:00 ]Error: Constant HDPHP_PATH already defined/www/video/hdphp2.0/hdphp/hdphp.php (16).
[ 2016-08-22T23:57:05+08:00 ]Error: Constant DS already defined/www/video/hdphp2.0/hdphp/hdphp.php (17).
[ 2016-08-22T23:57:05+08:00 ]Error: Constant ROOT_PATH already defined/www/video/hdphp2.0/hdphp/hdphp.php (18).
[ 2016-08-22T23:57:05+08:00 ]Error: Constant IS_CGI already defined/www/video/hdphp2.0/hdphp/hdphp.php (20).
[ 2016-08-22T23:57:05+08:00 ]Error: Constant IS_WIN already defined/www/video/hdphp2.0/hdphp/hdphp.php (21).
[ 2016-08-22T23:57:05+08:00 ]Error: Constant IS_CLI already defined/www/video/hdphp2.0/hdphp/hdphp.php (22).
[ 2016-08-22T23:57:05+08:00 ]Error: Constant NOW already defined/www/video/hdphp2.0/hdphp/hdphp.php (23).
[ 2016-08-22T23:57:05+08:00 ]Error: Constant NOW_MICROTIME already defined/www/video/hdphp2.0/hdphp/hdphp.php (24).
[ 2016-08-22T23:57:05+08:00 ]Error: Constant IS_GET already defined/www/video/hdphp2.0/hdphp/hdphp.php (28).
[ 2016-08-22T23:57:05+08:00 ]Error: Constant IS_POST already defined/www/video/hdphp2.0/hdphp/hdphp.php (29).
[ 2016-08-22T23:57:05+08:00 ]Error: Constant IS_DELETE already defined/www/video/hdphp2.0/hdphp/hdphp.php (30).
[ 2016-08-22T23:57:05+08:00 ]Error: Constant IS_PUT already defined/www/video/hdphp2.0/hdphp/hdphp.php (31).
[ 2016-08-22T23:57:05+08:00 ]Error: Constant IS_AJAX already defined/www/video/hdphp2.0/hdphp/hdphp.php (32).
[ 2016-08-22T23:57:05+08:00 ]Error: Constant IS_WEIXIN already defined/www/video/hdphp2.0/hdphp/hdphp.php (33).
[ 2016-08-22T23:57:05+08:00 ]Error: Constant __ROOT__ already defined/www/video/hdphp2.0/hdphp/hdphp.php (34).
[ 2016-08-22T23:57:05+08:00 ]Error: Constant __URL__ already defined/www/video/hdphp2.0/hdphp/hdphp.php (35).
[ 2016-08-22T23:57:05+08:00 ]Error: Constant __HISTORY__ already defined/www/video/hdphp2.0/hdphp/hdphp.php (36).
[ 2016-08-22T23:57:09+08:00 ]Error: Constant DEBUG already defined/www/video/hdphp2.0/storage/view/index_php_828e0.php (11).
[ 2016-08-22T23:57:09+08:00 ]Error: Cannot modify header information - headers already sent by (output started at /www/video/hdphp2.0/hdphp/cache/File.php:64)/www/video/hdphp2.0/hdphp/hdphp.php (10).
[ 2016-08-22T23:57:09+08:00 ]Error: Constant HDPHP_VERSION already defined/www/video/hdphp2.0/hdphp/hdphp.php (14).
[ 2016-08-22T23:57:09+08:00 ]Error: Constant RELEASE_VERSION already defined/www/video/hdphp2.0/hdphp/hdphp.php (15).
[ 2016-08-22T23:57:09+08:00 ]Error: Constant HDPHP_PATH already defined/www/video/hdphp2.0/hdphp/hdphp.php (16).
[ 2016-08-22T23:57:09+08:00 ]Error: Constant DS already defined/www/video/hdphp2.0/hdphp/hdphp.php (17).
[ 2016-08-22T23:57:09+08:00 ]Error: Constant ROOT_PATH already defined/www/video/hdphp2.0/hdphp/hdphp.php (18).
[ 2016-08-22T23:57:09+08:00 ]Error: Constant IS_CGI already defined/www/video/hdphp2.0/hdphp/hdphp.php (20).
[ 2016-08-22T23:57:09+08:00 ]Error: Constant IS_WIN already defined/www/video/hdphp2.0/hdphp/hdphp.php (21).
[ 2016-08-22T23:57:09+08:00 ]Error: Constant IS_CLI already defined/www/video/hdphp2.0/hdphp/hdphp.php (22).
[ 2016-08-22T23:57:09+08:00 ]Error: Constant NOW already defined/www/video/hdphp2.0/hdphp/hdphp.php (23).
[ 2016-08-22T23:57:09+08:00 ]Error: Constant NOW_MICROTIME already defined/www/video/hdphp2.0/hdphp/hdphp.php (24).
[ 2016-08-22T23:57:09+08:00 ]Error: Constant IS_GET already defined/www/video/hdphp2.0/hdphp/hdphp.php (28).
[ 2016-08-22T23:57:09+08:00 ]Error: Constant IS_POST already defined/www/video/hdphp2.0/hdphp/hdphp.php (29).
[ 2016-08-22T23:57:09+08:00 ]Error: Constant IS_DELETE already defined/www/video/hdphp2.0/hdphp/hdphp.php (30).
[ 2016-08-22T23:57:09+08:00 ]Error: Constant IS_PUT already defined/www/video/hdphp2.0/hdphp/hdphp.php (31).
[ 2016-08-22T23:57:09+08:00 ]Error: Constant IS_AJAX already defined/www/video/hdphp2.0/hdphp/hdphp.php (32).
[ 2016-08-22T23:57:09+08:00 ]Error: Constant IS_WEIXIN already defined/www/video/hdphp2.0/hdphp/hdphp.php (33).
[ 2016-08-22T23:57:09+08:00 ]Error: Constant __ROOT__ already defined/www/video/hdphp2.0/hdphp/hdphp.php (34).
[ 2016-08-22T23:57:09+08:00 ]Error: Constant __URL__ already defined/www/video/hdphp2.0/hdphp/hdphp.php (35).
[ 2016-08-22T23:57:09+08:00 ]Error: Constant __HISTORY__ already defined/www/video/hdphp2.0/hdphp/hdphp.php (36).
[ 2016-08-22T23:57:22+08:00 ]Error: Constant DEBUG already defined/www/video/hdphp2.0/storage/view/index_php_828e0.php (11).
[ 2016-08-22T23:57:22+08:00 ]Error: Cannot modify header information - headers already sent by (output started at /www/video/hdphp2.0/hdphp/cache/File.php:68)/www/video/hdphp2.0/hdphp/hdphp.php (10).
[ 2016-08-22T23:57:22+08:00 ]Error: Constant HDPHP_VERSION already defined/www/video/hdphp2.0/hdphp/hdphp.php (14).
[ 2016-08-22T23:57:22+08:00 ]Error: Constant RELEASE_VERSION already defined/www/video/hdphp2.0/hdphp/hdphp.php (15).
[ 2016-08-22T23:57:22+08:00 ]Error: Constant HDPHP_PATH already defined/www/video/hdphp2.0/hdphp/hdphp.php (16).
[ 2016-08-22T23:57:22+08:00 ]Error: Constant DS already defined/www/video/hdphp2.0/hdphp/hdphp.php (17).
[ 2016-08-22T23:57:22+08:00 ]Error: Constant ROOT_PATH already defined/www/video/hdphp2.0/hdphp/hdphp.php (18).
[ 2016-08-22T23:57:22+08:00 ]Error: Constant IS_CGI already defined/www/video/hdphp2.0/hdphp/hdphp.php (20).
[ 2016-08-22T23:57:22+08:00 ]Error: Constant IS_WIN already defined/www/video/hdphp2.0/hdphp/hdphp.php (21).
[ 2016-08-22T23:57:22+08:00 ]Error: Constant IS_CLI already defined/www/video/hdphp2.0/hdphp/hdphp.php (22).
[ 2016-08-22T23:57:22+08:00 ]Error: Constant NOW already defined/www/video/hdphp2.0/hdphp/hdphp.php (23).
[ 2016-08-22T23:57:22+08:00 ]Error: Constant NOW_MICROTIME already defined/www/video/hdphp2.0/hdphp/hdphp.php (24).
[ 2016-08-22T23:57:22+08:00 ]Error: Constant IS_GET already defined/www/video/hdphp2.0/hdphp/hdphp.php (28).
[ 2016-08-22T23:57:22+08:00 ]Error: Constant IS_POST already defined/www/video/hdphp2.0/hdphp/hdphp.php (29).
[ 2016-08-22T23:57:22+08:00 ]Error: Constant IS_DELETE already defined/www/video/hdphp2.0/hdphp/hdphp.php (30).
[ 2016-08-22T23:57:22+08:00 ]Error: Constant IS_PUT already defined/www/video/hdphp2.0/hdphp/hdphp.php (31).
[ 2016-08-22T23:57:22+08:00 ]Error: Constant IS_AJAX already defined/www/video/hdphp2.0/hdphp/hdphp.php (32).
[ 2016-08-22T23:57:22+08:00 ]Error: Constant IS_WEIXIN already defined/www/video/hdphp2.0/hdphp/hdphp.php (33).
[ 2016-08-22T23:57:22+08:00 ]Error: Constant __ROOT__ already defined/www/video/hdphp2.0/hdphp/hdphp.php (34).
[ 2016-08-22T23:57:22+08:00 ]Error: Constant __URL__ already defined/www/video/hdphp2.0/hdphp/hdphp.php (35).
[ 2016-08-22T23:57:22+08:00 ]Error: Constant __HISTORY__ already defined/www/video/hdphp2.0/hdphp/hdphp.php (36).
[ 2016-08-22T23:57:24+08:00 ]Error: Constant DEBUG already defined/www/video/hdphp2.0/storage/view/index_php_828e0.php (11).
[ 2016-08-22T23:57:24+08:00 ]Error: Cannot modify header information - headers already sent by (output started at /www/video/hdphp2.0/hdphp/cache/File.php:68)/www/video/hdphp2.0/hdphp/hdphp.php (10).
[ 2016-08-22T23:57:24+08:00 ]Error: Constant HDPHP_VERSION already defined/www/video/hdphp2.0/hdphp/hdphp.php (14).
[ 2016-08-22T23:57:24+08:00 ]Error: Constant RELEASE_VERSION already defined/www/video/hdphp2.0/hdphp/hdphp.php (15).
[ 2016-08-22T23:57:24+08:00 ]Error: Constant HDPHP_PATH already defined/www/video/hdphp2.0/hdphp/hdphp.php (16).
[ 2016-08-22T23:57:24+08:00 ]Error: Constant DS already defined/www/video/hdphp2.0/hdphp/hdphp.php (17).
[ 2016-08-22T23:57:24+08:00 ]Error: Constant ROOT_PATH already defined/www/video/hdphp2.0/hdphp/hdphp.php (18).
[ 2016-08-22T23:57:24+08:00 ]Error: Constant IS_CGI already defined/www/video/hdphp2.0/hdphp/hdphp.php (20).
[ 2016-08-22T23:57:24+08:00 ]Error: Constant IS_WIN already defined/www/video/hdphp2.0/hdphp/hdphp.php (21).
[ 2016-08-22T23:57:24+08:00 ]Error: Constant IS_CLI already defined/www/video/hdphp2.0/hdphp/hdphp.php (22).
[ 2016-08-22T23:57:24+08:00 ]Error: Constant NOW already defined/www/video/hdphp2.0/hdphp/hdphp.php (23).
[ 2016-08-22T23:57:24+08:00 ]Error: Constant NOW_MICROTIME already defined/www/video/hdphp2.0/hdphp/hdphp.php (24).
[ 2016-08-22T23:57:24+08:00 ]Error: Constant IS_GET already defined/www/video/hdphp2.0/hdphp/hdphp.php (28).
[ 2016-08-22T23:57:24+08:00 ]Error: Constant IS_POST already defined/www/video/hdphp2.0/hdphp/hdphp.php (29).
[ 2016-08-22T23:57:24+08:00 ]Error: Constant IS_DELETE already defined/www/video/hdphp2.0/hdphp/hdphp.php (30).
[ 2016-08-22T23:57:24+08:00 ]Error: Constant IS_PUT already defined/www/video/hdphp2.0/hdphp/hdphp.php (31).
[ 2016-08-22T23:57:24+08:00 ]Error: Constant IS_AJAX already defined/www/video/hdphp2.0/hdphp/hdphp.php (32).
[ 2016-08-22T23:57:24+08:00 ]Error: Constant IS_WEIXIN already defined/www/video/hdphp2.0/hdphp/hdphp.php (33).
[ 2016-08-22T23:57:24+08:00 ]Error: Constant __ROOT__ already defined/www/video/hdphp2.0/hdphp/hdphp.php (34).
[ 2016-08-22T23:57:24+08:00 ]Error: Constant __URL__ already defined/www/video/hdphp2.0/hdphp/hdphp.php (35).
[ 2016-08-22T23:57:24+08:00 ]Error: Constant __HISTORY__ already defined/www/video/hdphp2.0/hdphp/hdphp.php (36).
[ 2016-08-22T23:57:29+08:00 ]Error: file_get_contents(./storage/view/cache/c3071afa5c2bec45250c4d083aa5865d.php): failed to open stream: No such file or directory/www/video/hdphp2.0/hdphp/cache/File.php (72).
[ 2016-08-22T23:57:29+08:00 ]Error: filemtime(): stat failed for ./storage/view/cache/c3071afa5c2bec45250c4d083aa5865d.php/www/video/hdphp2.0/hdphp/cache/File.php (77).
[ 2016-08-22T23:57:29+08:00 ]Error: Constant DEBUG already defined/www/video/hdphp2.0/storage/view/index_php_828e0.php (11).
[ 2016-08-22T23:57:29+08:00 ]Error: Constant HDPHP_VERSION already defined/www/video/hdphp2.0/hdphp/hdphp.php (14).
[ 2016-08-22T23:57:29+08:00 ]Error: Constant RELEASE_VERSION already defined/www/video/hdphp2.0/hdphp/hdphp.php (15).
[ 2016-08-22T23:57:29+08:00 ]Error: Constant HDPHP_PATH already defined/www/video/hdphp2.0/hdphp/hdphp.php (16).
[ 2016-08-22T23:57:29+08:00 ]Error: Constant DS already defined/www/video/hdphp2.0/hdphp/hdphp.php (17).
[ 2016-08-22T23:57:29+08:00 ]Error: Constant ROOT_PATH already defined/www/video/hdphp2.0/hdphp/hdphp.php (18).
[ 2016-08-22T23:57:29+08:00 ]Error: Constant IS_CGI already defined/www/video/hdphp2.0/hdphp/hdphp.php (20).
[ 2016-08-22T23:57:29+08:00 ]Error: Constant IS_WIN already defined/www/video/hdphp2.0/hdphp/hdphp.php (21).
[ 2016-08-22T23:57:29+08:00 ]Error: Constant IS_CLI already defined/www/video/hdphp2.0/hdphp/hdphp.php (22).
[ 2016-08-22T23:57:29+08:00 ]Error: Constant NOW already defined/www/video/hdphp2.0/hdphp/hdphp.php (23).
[ 2016-08-22T23:57:29+08:00 ]Error: Constant NOW_MICROTIME already defined/www/video/hdphp2.0/hdphp/hdphp.php (24).
[ 2016-08-22T23:57:29+08:00 ]Error: Constant IS_GET already defined/www/video/hdphp2.0/hdphp/hdphp.php (28).
[ 2016-08-22T23:57:29+08:00 ]Error: Constant IS_POST already defined/www/video/hdphp2.0/hdphp/hdphp.php (29).
[ 2016-08-22T23:57:29+08:00 ]Error: Constant IS_DELETE already defined/www/video/hdphp2.0/hdphp/hdphp.php (30).
[ 2016-08-22T23:57:29+08:00 ]Error: Constant IS_PUT already defined/www/video/hdphp2.0/hdphp/hdphp.php (31).
[ 2016-08-22T23:57:29+08:00 ]Error: Constant IS_AJAX already defined/www/video/hdphp2.0/hdphp/hdphp.php (32).
[ 2016-08-22T23:57:29+08:00 ]Error: Constant IS_WEIXIN already defined/www/video/hdphp2.0/hdphp/hdphp.php (33).
[ 2016-08-22T23:57:29+08:00 ]Error: Constant __ROOT__ already defined/www/video/hdphp2.0/hdphp/hdphp.php (34).
[ 2016-08-22T23:57:29+08:00 ]Error: Constant __URL__ already defined/www/video/hdphp2.0/hdphp/hdphp.php (35).
[ 2016-08-22T23:57:29+08:00 ]Error: Constant __HISTORY__ already defined/www/video/hdphp2.0/hdphp/hdphp.php (36).
[ 2016-08-22T23:57:34+08:00 ]Error: file_get_contents(./storage/view/cache/c3071afa5c2bec45250c4d083aa5865d.php): failed to open stream: No such file or directory/www/video/hdphp2.0/hdphp/cache/File.php (72).
[ 2016-08-22T23:57:34+08:00 ]Error: filemtime(): stat failed for ./storage/view/cache/c3071afa5c2bec45250c4d083aa5865d.php/www/video/hdphp2.0/hdphp/cache/File.php (77).
[ 2016-08-22T23:57:34+08:00 ]Error: Constant DEBUG already defined/www/video/hdphp2.0/storage/view/index_php_828e0.php (11).
[ 2016-08-22T23:57:34+08:00 ]Error: Constant HDPHP_VERSION already defined/www/video/hdphp2.0/hdphp/hdphp.php (14).
[ 2016-08-22T23:57:34+08:00 ]Error: Constant RELEASE_VERSION already defined/www/video/hdphp2.0/hdphp/hdphp.php (15).
[ 2016-08-22T23:57:34+08:00 ]Error: Constant HDPHP_PATH already defined/www/video/hdphp2.0/hdphp/hdphp.php (16).
[ 2016-08-22T23:57:34+08:00 ]Error: Constant DS already defined/www/video/hdphp2.0/hdphp/hdphp.php (17).
[ 2016-08-22T23:57:34+08:00 ]Error: Constant ROOT_PATH already defined/www/video/hdphp2.0/hdphp/hdphp.php (18).
[ 2016-08-22T23:57:34+08:00 ]Error: Constant IS_CGI already defined/www/video/hdphp2.0/hdphp/hdphp.php (20).
[ 2016-08-22T23:57:34+08:00 ]Error: Constant IS_WIN already defined/www/video/hdphp2.0/hdphp/hdphp.php (21).
[ 2016-08-22T23:57:34+08:00 ]Error: Constant IS_CLI already defined/www/video/hdphp2.0/hdphp/hdphp.php (22).
[ 2016-08-22T23:57:34+08:00 ]Error: Constant NOW already defined/www/video/hdphp2.0/hdphp/hdphp.php (23).
[ 2016-08-22T23:57:34+08:00 ]Error: Constant NOW_MICROTIME already defined/www/video/hdphp2.0/hdphp/hdphp.php (24).
[ 2016-08-22T23:57:34+08:00 ]Error: Constant IS_GET already defined/www/video/hdphp2.0/hdphp/hdphp.php (28).
[ 2016-08-22T23:57:34+08:00 ]Error: Constant IS_POST already defined/www/video/hdphp2.0/hdphp/hdphp.php (29).
[ 2016-08-22T23:57:34+08:00 ]Error: Constant IS_DELETE already defined/www/video/hdphp2.0/hdphp/hdphp.php (30).
[ 2016-08-22T23:57:34+08:00 ]Error: Constant IS_PUT already defined/www/video/hdphp2.0/hdphp/hdphp.php (31).
[ 2016-08-22T23:57:34+08:00 ]Error: Constant IS_AJAX already defined/www/video/hdphp2.0/hdphp/hdphp.php (32).
[ 2016-08-22T23:57:34+08:00 ]Error: Constant IS_WEIXIN already defined/www/video/hdphp2.0/hdphp/hdphp.php (33).
[ 2016-08-22T23:57:34+08:00 ]Error: Constant __ROOT__ already defined/www/video/hdphp2.0/hdphp/hdphp.php (34).
[ 2016-08-22T23:57:34+08:00 ]Error: Constant __URL__ already defined/www/video/hdphp2.0/hdphp/hdphp.php (35).
[ 2016-08-22T23:57:34+08:00 ]Error: Constant __HISTORY__ already defined/www/video/hdphp2.0/hdphp/hdphp.php (36).
[ 2016-08-22T23:57:43+08:00 ]Error: Constant DEBUG already defined/www/video/hdphp2.0/storage/view/index_php_828e0.php (11).
[ 2016-08-22T23:57:43+08:00 ]Error: Constant HDPHP_VERSION already defined/www/video/hdphp2.0/hdphp/hdphp.php (14).
[ 2016-08-22T23:57:43+08:00 ]Error: Constant RELEASE_VERSION already defined/www/video/hdphp2.0/hdphp/hdphp.php (15).
[ 2016-08-22T23:57:43+08:00 ]Error: Constant HDPHP_PATH already defined/www/video/hdphp2.0/hdphp/hdphp.php (16).
[ 2016-08-22T23:57:43+08:00 ]Error: Constant DS already defined/www/video/hdphp2.0/hdphp/hdphp.php (17).
[ 2016-08-22T23:57:43+08:00 ]Error: Constant ROOT_PATH already defined/www/video/hdphp2.0/hdphp/hdphp.php (18).
[ 2016-08-22T23:57:43+08:00 ]Error: Constant IS_CGI already defined/www/video/hdphp2.0/hdphp/hdphp.php (20).
[ 2016-08-22T23:57:43+08:00 ]Error: Constant IS_WIN already defined/www/video/hdphp2.0/hdphp/hdphp.php (21).
[ 2016-08-22T23:57:43+08:00 ]Error: Constant IS_CLI already defined/www/video/hdphp2.0/hdphp/hdphp.php (22).
[ 2016-08-22T23:57:43+08:00 ]Error: Constant NOW already defined/www/video/hdphp2.0/hdphp/hdphp.php (23).
[ 2016-08-22T23:57:43+08:00 ]Error: Constant NOW_MICROTIME already defined/www/video/hdphp2.0/hdphp/hdphp.php (24).
[ 2016-08-22T23:57:43+08:00 ]Error: Constant IS_GET already defined/www/video/hdphp2.0/hdphp/hdphp.php (28).
[ 2016-08-22T23:57:43+08:00 ]Error: Constant IS_POST already defined/www/video/hdphp2.0/hdphp/hdphp.php (29).
[ 2016-08-22T23:57:43+08:00 ]Error: Constant IS_DELETE already defined/www/video/hdphp2.0/hdphp/hdphp.php (30).
[ 2016-08-22T23:57:43+08:00 ]Error: Constant IS_PUT already defined/www/video/hdphp2.0/hdphp/hdphp.php (31).
[ 2016-08-22T23:57:43+08:00 ]Error: Constant IS_AJAX already defined/www/video/hdphp2.0/hdphp/hdphp.php (32).
[ 2016-08-22T23:57:43+08:00 ]Error: Constant IS_WEIXIN already defined/www/video/hdphp2.0/hdphp/hdphp.php (33).
[ 2016-08-22T23:57:43+08:00 ]Error: Constant __ROOT__ already defined/www/video/hdphp2.0/hdphp/hdphp.php (34).
[ 2016-08-22T23:57:43+08:00 ]Error: Constant __URL__ already defined/www/video/hdphp2.0/hdphp/hdphp.php (35).
[ 2016-08-22T23:57:43+08:00 ]Error: Constant __HISTORY__ already defined/www/video/hdphp2.0/hdphp/hdphp.php (36).
[ 2016-08-22T23:58:00+08:00 ]Error: Undefined variable: name/www/video/hdphp2.0/hdphp/cache/Cache.php (42).
[ 2016-08-22T23:58:00+08:00 ]Error: Constant DEBUG already defined/www/video/hdphp2.0/storage/view/index_php_828e0.php (11).
[ 2016-08-22T23:58:00+08:00 ]Error: Constant HDPHP_VERSION already defined/www/video/hdphp2.0/hdphp/hdphp.php (14).
[ 2016-08-22T23:58:00+08:00 ]Error: Constant RELEASE_VERSION already defined/www/video/hdphp2.0/hdphp/hdphp.php (15).
[ 2016-08-22T23:58:00+08:00 ]Error: Constant HDPHP_PATH already defined/www/video/hdphp2.0/hdphp/hdphp.php (16).
[ 2016-08-22T23:58:00+08:00 ]Error: Constant DS already defined/www/video/hdphp2.0/hdphp/hdphp.php (17).
[ 2016-08-22T23:58:00+08:00 ]Error: Constant ROOT_PATH already defined/www/video/hdphp2.0/hdphp/hdphp.php (18).
[ 2016-08-22T23:58:00+08:00 ]Error: Constant IS_CGI already defined/www/video/hdphp2.0/hdphp/hdphp.php (20).
[ 2016-08-22T23:58:00+08:00 ]Error: Constant IS_WIN already defined/www/video/hdphp2.0/hdphp/hdphp.php (21).
[ 2016-08-22T23:58:00+08:00 ]Error: Constant IS_CLI already defined/www/video/hdphp2.0/hdphp/hdphp.php (22).
[ 2016-08-22T23:58:00+08:00 ]Error: Constant NOW already defined/www/video/hdphp2.0/hdphp/hdphp.php (23).
[ 2016-08-22T23:58:00+08:00 ]Error: Constant NOW_MICROTIME already defined/www/video/hdphp2.0/hdphp/hdphp.php (24).
[ 2016-08-22T23:58:00+08:00 ]Error: Constant IS_GET already defined/www/video/hdphp2.0/hdphp/hdphp.php (28).
[ 2016-08-22T23:58:00+08:00 ]Error: Constant IS_POST already defined/www/video/hdphp2.0/hdphp/hdphp.php (29).
[ 2016-08-22T23:58:00+08:00 ]Error: Constant IS_DELETE already defined/www/video/hdphp2.0/hdphp/hdphp.php (30).
[ 2016-08-22T23:58:00+08:00 ]Error: Constant IS_PUT already defined/www/video/hdphp2.0/hdphp/hdphp.php (31).
[ 2016-08-22T23:58:00+08:00 ]Error: Constant IS_AJAX already defined/www/video/hdphp2.0/hdphp/hdphp.php (32).
[ 2016-08-22T23:58:00+08:00 ]Error: Constant IS_WEIXIN already defined/www/video/hdphp2.0/hdphp/hdphp.php (33).
[ 2016-08-22T23:58:00+08:00 ]Error: Constant __ROOT__ already defined/www/video/hdphp2.0/hdphp/hdphp.php (34).
[ 2016-08-22T23:58:00+08:00 ]Error: Constant __URL__ already defined/www/video/hdphp2.0/hdphp/hdphp.php (35).
[ 2016-08-22T23:58:00+08:00 ]Error: Constant __HISTORY__ already defined/www/video/hdphp2.0/hdphp/hdphp.php (36).
[ 2016-08-22T23:58:01+08:00 ]Error: Undefined variable: name/www/video/hdphp2.0/hdphp/cache/Cache.php (42).
[ 2016-08-22T23:58:01+08:00 ]Error: Constant DEBUG already defined/www/video/hdphp2.0/storage/view/index_php_828e0.php (11).
[ 2016-08-22T23:58:01+08:00 ]Error: Constant HDPHP_VERSION already defined/www/video/hdphp2.0/hdphp/hdphp.php (14).
[ 2016-08-22T23:58:01+08:00 ]Error: Constant RELEASE_VERSION already defined/www/video/hdphp2.0/hdphp/hdphp.php (15).
[ 2016-08-22T23:58:01+08:00 ]Error: Constant HDPHP_PATH already defined/www/video/hdphp2.0/hdphp/hdphp.php (16).
[ 2016-08-22T23:58:01+08:00 ]Error: Constant DS already defined/www/video/hdphp2.0/hdphp/hdphp.php (17).
[ 2016-08-22T23:58:01+08:00 ]Error: Constant ROOT_PATH already defined/www/video/hdphp2.0/hdphp/hdphp.php (18).
[ 2016-08-22T23:58:01+08:00 ]Error: Constant IS_CGI already defined/www/video/hdphp2.0/hdphp/hdphp.php (20).
[ 2016-08-22T23:58:01+08:00 ]Error: Constant IS_WIN already defined/www/video/hdphp2.0/hdphp/hdphp.php (21).
[ 2016-08-22T23:58:01+08:00 ]Error: Constant IS_CLI already defined/www/video/hdphp2.0/hdphp/hdphp.php (22).
[ 2016-08-22T23:58:01+08:00 ]Error: Constant NOW already defined/www/video/hdphp2.0/hdphp/hdphp.php (23).
[ 2016-08-22T23:58:01+08:00 ]Error: Constant NOW_MICROTIME already defined/www/video/hdphp2.0/hdphp/hdphp.php (24).
[ 2016-08-22T23:58:01+08:00 ]Error: Constant IS_GET already defined/www/video/hdphp2.0/hdphp/hdphp.php (28).
[ 2016-08-22T23:58:01+08:00 ]Error: Constant IS_POST already defined/www/video/hdphp2.0/hdphp/hdphp.php (29).
[ 2016-08-22T23:58:01+08:00 ]Error: Constant IS_DELETE already defined/www/video/hdphp2.0/hdphp/hdphp.php (30).
[ 2016-08-22T23:58:01+08:00 ]Error: Constant IS_PUT already defined/www/video/hdphp2.0/hdphp/hdphp.php (31).
[ 2016-08-22T23:58:01+08:00 ]Error: Constant IS_AJAX already defined/www/video/hdphp2.0/hdphp/hdphp.php (32).
[ 2016-08-22T23:58:01+08:00 ]Error: Constant IS_WEIXIN already defined/www/video/hdphp2.0/hdphp/hdphp.php (33).
[ 2016-08-22T23:58:01+08:00 ]Error: Constant __ROOT__ already defined/www/video/hdphp2.0/hdphp/hdphp.php (34).
[ 2016-08-22T23:58:01+08:00 ]Error: Constant __URL__ already defined/www/video/hdphp2.0/hdphp/hdphp.php (35).
[ 2016-08-22T23:58:01+08:00 ]Error: Constant __HISTORY__ already defined/www/video/hdphp2.0/hdphp/hdphp.php (36).
[ 2016-08-22T23:58:03+08:00 ]Error: Constant DEBUG already defined/www/video/hdphp2.0/storage/view/index_php_828e0.php (11).
[ 2016-08-22T23:58:03+08:00 ]Error: Cannot modify header information - headers already sent by (output started at /www/video/hdphp2.0/hdphp/cache/Cache.php:42)/www/video/hdphp2.0/hdphp/hdphp.php (10).
[ 2016-08-22T23:58:03+08:00 ]Error: Constant HDPHP_VERSION already defined/www/video/hdphp2.0/hdphp/hdphp.php (14).
[ 2016-08-22T23:58:03+08:00 ]Error: Constant RELEASE_VERSION already defined/www/video/hdphp2.0/hdphp/hdphp.php (15).
[ 2016-08-22T23:58:03+08:00 ]Error: Constant HDPHP_PATH already defined/www/video/hdphp2.0/hdphp/hdphp.php (16).
[ 2016-08-22T23:58:03+08:00 ]Error: Constant DS already defined/www/video/hdphp2.0/hdphp/hdphp.php (17).
[ 2016-08-22T23:58:03+08:00 ]Error: Constant ROOT_PATH already defined/www/video/hdphp2.0/hdphp/hdphp.php (18).
[ 2016-08-22T23:58:03+08:00 ]Error: Constant IS_CGI already defined/www/video/hdphp2.0/hdphp/hdphp.php (20).
[ 2016-08-22T23:58:03+08:00 ]Error: Constant IS_WIN already defined/www/video/hdphp2.0/hdphp/hdphp.php (21).
[ 2016-08-22T23:58:03+08:00 ]Error: Constant IS_CLI already defined/www/video/hdphp2.0/hdphp/hdphp.php (22).
[ 2016-08-22T23:58:03+08:00 ]Error: Constant NOW already defined/www/video/hdphp2.0/hdphp/hdphp.php (23).
[ 2016-08-22T23:58:03+08:00 ]Error: Constant NOW_MICROTIME already defined/www/video/hdphp2.0/hdphp/hdphp.php (24).
[ 2016-08-22T23:58:03+08:00 ]Error: Constant IS_GET already defined/www/video/hdphp2.0/hdphp/hdphp.php (28).
[ 2016-08-22T23:58:03+08:00 ]Error: Constant IS_POST already defined/www/video/hdphp2.0/hdphp/hdphp.php (29).
[ 2016-08-22T23:58:03+08:00 ]Error: Constant IS_DELETE already defined/www/video/hdphp2.0/hdphp/hdphp.php (30).
[ 2016-08-22T23:58:03+08:00 ]Error: Constant IS_PUT already defined/www/video/hdphp2.0/hdphp/hdphp.php (31).
[ 2016-08-22T23:58:03+08:00 ]Error: Constant IS_AJAX already defined/www/video/hdphp2.0/hdphp/hdphp.php (32).
[ 2016-08-22T23:58:03+08:00 ]Error: Constant IS_WEIXIN already defined/www/video/hdphp2.0/hdphp/hdphp.php (33).
[ 2016-08-22T23:58:03+08:00 ]Error: Constant __ROOT__ already defined/www/video/hdphp2.0/hdphp/hdphp.php (34).
[ 2016-08-22T23:58:03+08:00 ]Error: Constant __URL__ already defined/www/video/hdphp2.0/hdphp/hdphp.php (35).
[ 2016-08-22T23:58:03+08:00 ]Error: Constant __HISTORY__ already defined/www/video/hdphp2.0/hdphp/hdphp.php (36).
[ 2016-08-22T23:58:09+08:00 ]Error: Constant DEBUG already defined/www/video/hdphp2.0/storage/view/index_php_828e0.php (11).
[ 2016-08-22T23:58:09+08:00 ]Error: Cannot modify header information - headers already sent by (output started at /www/video/hdphp2.0/hdphp/cache/Cache.php:42)/www/video/hdphp2.0/hdphp/hdphp.php (10).
[ 2016-08-22T23:58:09+08:00 ]Error: Constant HDPHP_VERSION already defined/www/video/hdphp2.0/hdphp/hdphp.php (14).
[ 2016-08-22T23:58:09+08:00 ]Error: Constant RELEASE_VERSION already defined/www/video/hdphp2.0/hdphp/hdphp.php (15).
[ 2016-08-22T23:58:09+08:00 ]Error: Constant HDPHP_PATH already defined/www/video/hdphp2.0/hdphp/hdphp.php (16).
[ 2016-08-22T23:58:09+08:00 ]Error: Constant DS already defined/www/video/hdphp2.0/hdphp/hdphp.php (17).
[ 2016-08-22T23:58:09+08:00 ]Error: Constant ROOT_PATH already defined/www/video/hdphp2.0/hdphp/hdphp.php (18).
[ 2016-08-22T23:58:09+08:00 ]Error: Constant IS_CGI already defined/www/video/hdphp2.0/hdphp/hdphp.php (20).
[ 2016-08-22T23:58:09+08:00 ]Error: Constant IS_WIN already defined/www/video/hdphp2.0/hdphp/hdphp.php (21).
[ 2016-08-22T23:58:09+08:00 ]Error: Constant IS_CLI already defined/www/video/hdphp2.0/hdphp/hdphp.php (22).
[ 2016-08-22T23:58:09+08:00 ]Error: Constant NOW already defined/www/video/hdphp2.0/hdphp/hdphp.php (23).
[ 2016-08-22T23:58:09+08:00 ]Error: Constant NOW_MICROTIME already defined/www/video/hdphp2.0/hdphp/hdphp.php (24).
[ 2016-08-22T23:58:09+08:00 ]Error: Constant IS_GET already defined/www/video/hdphp2.0/hdphp/hdphp.php (28).
[ 2016-08-22T23:58:09+08:00 ]Error: Constant IS_POST already defined/www/video/hdphp2.0/hdphp/hdphp.php (29).
[ 2016-08-22T23:58:09+08:00 ]Error: Constant IS_DELETE already defined/www/video/hdphp2.0/hdphp/hdphp.php (30).
[ 2016-08-22T23:58:09+08:00 ]Error: Constant IS_PUT already defined/www/video/hdphp2.0/hdphp/hdphp.php (31).
[ 2016-08-22T23:58:09+08:00 ]Error: Constant IS_AJAX already defined/www/video/hdphp2.0/hdphp/hdphp.php (32).
[ 2016-08-22T23:58:09+08:00 ]Error: Constant IS_WEIXIN already defined/www/video/hdphp2.0/hdphp/hdphp.php (33).
[ 2016-08-22T23:58:09+08:00 ]Error: Constant __ROOT__ already defined/www/video/hdphp2.0/hdphp/hdphp.php (34).
[ 2016-08-22T23:58:09+08:00 ]Error: Constant __URL__ already defined/www/video/hdphp2.0/hdphp/hdphp.php (35).
[ 2016-08-22T23:58:09+08:00 ]Error: Constant __HISTORY__ already defined/www/video/hdphp2.0/hdphp/hdphp.php (36).
[ 2016-08-22T23:58:16+08:00 ]Error: Constant DEBUG already defined/www/video/hdphp2.0/storage/view/index_php_828e0.php (11).
[ 2016-08-22T23:58:16+08:00 ]Error: Cannot modify header information - headers already sent by (output started at /www/video/hdphp2.0/hdphp/cache/Cache.php:42)/www/video/hdphp2.0/hdphp/hdphp.php (10).
[ 2016-08-22T23:58:16+08:00 ]Error: Constant HDPHP_VERSION already defined/www/video/hdphp2.0/hdphp/hdphp.php (14).
[ 2016-08-22T23:58:16+08:00 ]Error: Constant RELEASE_VERSION already defined/www/video/hdphp2.0/hdphp/hdphp.php (15).
[ 2016-08-22T23:58:16+08:00 ]Error: Constant HDPHP_PATH already defined/www/video/hdphp2.0/hdphp/hdphp.php (16).
[ 2016-08-22T23:58:16+08:00 ]Error: Constant DS already defined/www/video/hdphp2.0/hdphp/hdphp.php (17).
[ 2016-08-22T23:58:16+08:00 ]Error: Constant ROOT_PATH already defined/www/video/hdphp2.0/hdphp/hdphp.php (18).
[ 2016-08-22T23:58:16+08:00 ]Error: Constant IS_CGI already defined/www/video/hdphp2.0/hdphp/hdphp.php (20).
[ 2016-08-22T23:58:16+08:00 ]Error: Constant IS_WIN already defined/www/video/hdphp2.0/hdphp/hdphp.php (21).
[ 2016-08-22T23:58:16+08:00 ]Error: Constant IS_CLI already defined/www/video/hdphp2.0/hdphp/hdphp.php (22).
[ 2016-08-22T23:58:16+08:00 ]Error: Constant NOW already defined/www/video/hdphp2.0/hdphp/hdphp.php (23).
[ 2016-08-22T23:58:16+08:00 ]Error: Constant NOW_MICROTIME already defined/www/video/hdphp2.0/hdphp/hdphp.php (24).
[ 2016-08-22T23:58:16+08:00 ]Error: Constant IS_GET already defined/www/video/hdphp2.0/hdphp/hdphp.php (28).
[ 2016-08-22T23:58:16+08:00 ]Error: Constant IS_POST already defined/www/video/hdphp2.0/hdphp/hdphp.php (29).
[ 2016-08-22T23:58:16+08:00 ]Error: Constant IS_DELETE already defined/www/video/hdphp2.0/hdphp/hdphp.php (30).
[ 2016-08-22T23:58:16+08:00 ]Error: Constant IS_PUT already defined/www/video/hdphp2.0/hdphp/hdphp.php (31).
[ 2016-08-22T23:58:16+08:00 ]Error: Constant IS_AJAX already defined/www/video/hdphp2.0/hdphp/hdphp.php (32).
[ 2016-08-22T23:58:16+08:00 ]Error: Constant IS_WEIXIN already defined/www/video/hdphp2.0/hdphp/hdphp.php (33).
[ 2016-08-22T23:58:16+08:00 ]Error: Constant __ROOT__ already defined/www/video/hdphp2.0/hdphp/hdphp.php (34).
[ 2016-08-22T23:58:16+08:00 ]Error: Constant __URL__ already defined/www/video/hdphp2.0/hdphp/hdphp.php (35).
[ 2016-08-22T23:58:16+08:00 ]Error: Constant __HISTORY__ already defined/www/video/hdphp2.0/hdphp/hdphp.php (36).
[ 2016-08-22T23:58:17+08:00 ]Error: Constant DEBUG already defined/www/video/hdphp2.0/storage/view/index_php_828e0.php (11).
[ 2016-08-22T23:58:17+08:00 ]Error: Cannot modify header information - headers already sent by (output started at /www/video/hdphp2.0/hdphp/cache/Cache.php:42)/www/video/hdphp2.0/hdphp/hdphp.php (10).
[ 2016-08-22T23:58:17+08:00 ]Error: Constant HDPHP_VERSION already defined/www/video/hdphp2.0/hdphp/hdphp.php (14).
[ 2016-08-22T23:58:17+08:00 ]Error: Constant RELEASE_VERSION already defined/www/video/hdphp2.0/hdphp/hdphp.php (15).
[ 2016-08-22T23:58:17+08:00 ]Error: Constant HDPHP_PATH already defined/www/video/hdphp2.0/hdphp/hdphp.php (16).
[ 2016-08-22T23:58:17+08:00 ]Error: Constant DS already defined/www/video/hdphp2.0/hdphp/hdphp.php (17).
[ 2016-08-22T23:58:17+08:00 ]Error: Constant ROOT_PATH already defined/www/video/hdphp2.0/hdphp/hdphp.php (18).
[ 2016-08-22T23:58:17+08:00 ]Error: Constant IS_CGI already defined/www/video/hdphp2.0/hdphp/hdphp.php (20).
[ 2016-08-22T23:58:17+08:00 ]Error: Constant IS_WIN already defined/www/video/hdphp2.0/hdphp/hdphp.php (21).
[ 2016-08-22T23:58:17+08:00 ]Error: Constant IS_CLI already defined/www/video/hdphp2.0/hdphp/hdphp.php (22).
[ 2016-08-22T23:58:17+08:00 ]Error: Constant NOW already defined/www/video/hdphp2.0/hdphp/hdphp.php (23).
[ 2016-08-22T23:58:17+08:00 ]Error: Constant NOW_MICROTIME already defined/www/video/hdphp2.0/hdphp/hdphp.php (24).
[ 2016-08-22T23:58:17+08:00 ]Error: Constant IS_GET already defined/www/video/hdphp2.0/hdphp/hdphp.php (28).
[ 2016-08-22T23:58:17+08:00 ]Error: Constant IS_POST already defined/www/video/hdphp2.0/hdphp/hdphp.php (29).
[ 2016-08-22T23:58:17+08:00 ]Error: Constant IS_DELETE already defined/www/video/hdphp2.0/hdphp/hdphp.php (30).
[ 2016-08-22T23:58:17+08:00 ]Error: Constant IS_PUT already defined/www/video/hdphp2.0/hdphp/hdphp.php (31).
[ 2016-08-22T23:58:17+08:00 ]Error: Constant IS_AJAX already defined/www/video/hdphp2.0/hdphp/hdphp.php (32).
[ 2016-08-22T23:58:17+08:00 ]Error: Constant IS_WEIXIN already defined/www/video/hdphp2.0/hdphp/hdphp.php (33).
[ 2016-08-22T23:58:17+08:00 ]Error: Constant __ROOT__ already defined/www/video/hdphp2.0/hdphp/hdphp.php (34).
[ 2016-08-22T23:58:17+08:00 ]Error: Constant __URL__ already defined/www/video/hdphp2.0/hdphp/hdphp.php (35).
[ 2016-08-22T23:58:17+08:00 ]Error: Constant __HISTORY__ already defined/www/video/hdphp2.0/hdphp/hdphp.php (36).
[ 2016-08-22T23:58:17+08:00 ]Error: Constant DEBUG already defined/www/video/hdphp2.0/storage/view/index_php_828e0.php (11).
[ 2016-08-22T23:58:17+08:00 ]Error: Cannot modify header information - headers already sent by (output started at /www/video/hdphp2.0/hdphp/cache/Cache.php:42)/www/video/hdphp2.0/hdphp/hdphp.php (10).
[ 2016-08-22T23:58:17+08:00 ]Error: Constant HDPHP_VERSION already defined/www/video/hdphp2.0/hdphp/hdphp.php (14).
[ 2016-08-22T23:58:17+08:00 ]Error: Constant RELEASE_VERSION already defined/www/video/hdphp2.0/hdphp/hdphp.php (15).
[ 2016-08-22T23:58:17+08:00 ]Error: Constant HDPHP_PATH already defined/www/video/hdphp2.0/hdphp/hdphp.php (16).
[ 2016-08-22T23:58:17+08:00 ]Error: Constant DS already defined/www/video/hdphp2.0/hdphp/hdphp.php (17).
[ 2016-08-22T23:58:17+08:00 ]Error: Constant ROOT_PATH already defined/www/video/hdphp2.0/hdphp/hdphp.php (18).
[ 2016-08-22T23:58:17+08:00 ]Error: Constant IS_CGI already defined/www/video/hdphp2.0/hdphp/hdphp.php (20).
[ 2016-08-22T23:58:17+08:00 ]Error: Constant IS_WIN already defined/www/video/hdphp2.0/hdphp/hdphp.php (21).
[ 2016-08-22T23:58:17+08:00 ]Error: Constant IS_CLI already defined/www/video/hdphp2.0/hdphp/hdphp.php (22).
[ 2016-08-22T23:58:17+08:00 ]Error: Constant NOW already defined/www/video/hdphp2.0/hdphp/hdphp.php (23).
[ 2016-08-22T23:58:17+08:00 ]Error: Constant NOW_MICROTIME already defined/www/video/hdphp2.0/hdphp/hdphp.php (24).
[ 2016-08-22T23:58:17+08:00 ]Error: Constant IS_GET already defined/www/video/hdphp2.0/hdphp/hdphp.php (28).
[ 2016-08-22T23:58:17+08:00 ]Error: Constant IS_POST already defined/www/video/hdphp2.0/hdphp/hdphp.php (29).
[ 2016-08-22T23:58:17+08:00 ]Error: Constant IS_DELETE already defined/www/video/hdphp2.0/hdphp/hdphp.php (30).
[ 2016-08-22T23:58:17+08:00 ]Error: Constant IS_PUT already defined/www/video/hdphp2.0/hdphp/hdphp.php (31).
[ 2016-08-22T23:58:17+08:00 ]Error: Constant IS_AJAX already defined/www/video/hdphp2.0/hdphp/hdphp.php (32).
[ 2016-08-22T23:58:17+08:00 ]Error: Constant IS_WEIXIN already defined/www/video/hdphp2.0/hdphp/hdphp.php (33).
[ 2016-08-22T23:58:17+08:00 ]Error: Constant __ROOT__ already defined/www/video/hdphp2.0/hdphp/hdphp.php (34).
[ 2016-08-22T23:58:17+08:00 ]Error: Constant __URL__ already defined/www/video/hdphp2.0/hdphp/hdphp.php (35).
[ 2016-08-22T23:58:17+08:00 ]Error: Constant __HISTORY__ already defined/www/video/hdphp2.0/hdphp/hdphp.php (36).
[ 2016-08-22T23:58:32+08:00 ]Error: Constant DEBUG already defined/www/video/hdphp2.0/storage/view/index_php_828e0.php (11).
[ 2016-08-22T23:58:32+08:00 ]Error: Cannot modify header information - headers already sent by (output started at /www/video/hdphp2.0/hdphp/cache/Cache.php:41)/www/video/hdphp2.0/hdphp/hdphp.php (10).
[ 2016-08-22T23:58:32+08:00 ]Error: Constant HDPHP_VERSION already defined/www/video/hdphp2.0/hdphp/hdphp.php (14).
[ 2016-08-22T23:58:32+08:00 ]Error: Constant RELEASE_VERSION already defined/www/video/hdphp2.0/hdphp/hdphp.php (15).
[ 2016-08-22T23:58:32+08:00 ]Error: Constant HDPHP_PATH already defined/www/video/hdphp2.0/hdphp/hdphp.php (16).
[ 2016-08-22T23:58:32+08:00 ]Error: Constant DS already defined/www/video/hdphp2.0/hdphp/hdphp.php (17).
[ 2016-08-22T23:58:32+08:00 ]Error: Constant ROOT_PATH already defined/www/video/hdphp2.0/hdphp/hdphp.php (18).
[ 2016-08-22T23:58:32+08:00 ]Error: Constant IS_CGI already defined/www/video/hdphp2.0/hdphp/hdphp.php (20).
[ 2016-08-22T23:58:32+08:00 ]Error: Constant IS_WIN already defined/www/video/hdphp2.0/hdphp/hdphp.php (21).
[ 2016-08-22T23:58:32+08:00 ]Error: Constant IS_CLI already defined/www/video/hdphp2.0/hdphp/hdphp.php (22).
[ 2016-08-22T23:58:32+08:00 ]Error: Constant NOW already defined/www/video/hdphp2.0/hdphp/hdphp.php (23).
[ 2016-08-22T23:58:32+08:00 ]Error: Constant NOW_MICROTIME already defined/www/video/hdphp2.0/hdphp/hdphp.php (24).
[ 2016-08-22T23:58:32+08:00 ]Error: Constant IS_GET already defined/www/video/hdphp2.0/hdphp/hdphp.php (28).
[ 2016-08-22T23:58:32+08:00 ]Error: Constant IS_POST already defined/www/video/hdphp2.0/hdphp/hdphp.php (29).
[ 2016-08-22T23:58:32+08:00 ]Error: Constant IS_DELETE already defined/www/video/hdphp2.0/hdphp/hdphp.php (30).
[ 2016-08-22T23:58:32+08:00 ]Error: Constant IS_PUT already defined/www/video/hdphp2.0/hdphp/hdphp.php (31).
[ 2016-08-22T23:58:32+08:00 ]Error: Constant IS_AJAX already defined/www/video/hdphp2.0/hdphp/hdphp.php (32).
[ 2016-08-22T23:58:32+08:00 ]Error: Constant IS_WEIXIN already defined/www/video/hdphp2.0/hdphp/hdphp.php (33).
[ 2016-08-22T23:58:32+08:00 ]Error: Constant __ROOT__ already defined/www/video/hdphp2.0/hdphp/hdphp.php (34).
[ 2016-08-22T23:58:32+08:00 ]Error: Constant __URL__ already defined/www/video/hdphp2.0/hdphp/hdphp.php (35).
[ 2016-08-22T23:58:32+08:00 ]Error: Constant __HISTORY__ already defined/www/video/hdphp2.0/hdphp/hdphp.php (36).
[ 2016-08-22T23:58:33+08:00 ]Error: Constant DEBUG already defined/www/video/hdphp2.0/storage/view/index_php_828e0.php (11).
[ 2016-08-22T23:58:33+08:00 ]Error: Cannot modify header information - headers already sent by (output started at /www/video/hdphp2.0/hdphp/cache/Cache.php:41)/www/video/hdphp2.0/hdphp/hdphp.php (10).
[ 2016-08-22T23:58:33+08:00 ]Error: Constant HDPHP_VERSION already defined/www/video/hdphp2.0/hdphp/hdphp.php (14).
[ 2016-08-22T23:58:33+08:00 ]Error: Constant RELEASE_VERSION already defined/www/video/hdphp2.0/hdphp/hdphp.php (15).
[ 2016-08-22T23:58:33+08:00 ]Error: Constant HDPHP_PATH already defined/www/video/hdphp2.0/hdphp/hdphp.php (16).
[ 2016-08-22T23:58:33+08:00 ]Error: Constant DS already defined/www/video/hdphp2.0/hdphp/hdphp.php (17).
[ 2016-08-22T23:58:33+08:00 ]Error: Constant ROOT_PATH already defined/www/video/hdphp2.0/hdphp/hdphp.php (18).
[ 2016-08-22T23:58:33+08:00 ]Error: Constant IS_CGI already defined/www/video/hdphp2.0/hdphp/hdphp.php (20).
[ 2016-08-22T23:58:33+08:00 ]Error: Constant IS_WIN already defined/www/video/hdphp2.0/hdphp/hdphp.php (21).
[ 2016-08-22T23:58:33+08:00 ]Error: Constant IS_CLI already defined/www/video/hdphp2.0/hdphp/hdphp.php (22).
[ 2016-08-22T23:58:33+08:00 ]Error: Constant NOW already defined/www/video/hdphp2.0/hdphp/hdphp.php (23).
[ 2016-08-22T23:58:33+08:00 ]Error: Constant NOW_MICROTIME already defined/www/video/hdphp2.0/hdphp/hdphp.php (24).
[ 2016-08-22T23:58:33+08:00 ]Error: Constant IS_GET already defined/www/video/hdphp2.0/hdphp/hdphp.php (28).
[ 2016-08-22T23:58:33+08:00 ]Error: Constant IS_POST already defined/www/video/hdphp2.0/hdphp/hdphp.php (29).
[ 2016-08-22T23:58:33+08:00 ]Error: Constant IS_DELETE already defined/www/video/hdphp2.0/hdphp/hdphp.php (30).
[ 2016-08-22T23:58:33+08:00 ]Error: Constant IS_PUT already defined/www/video/hdphp2.0/hdphp/hdphp.php (31).
[ 2016-08-22T23:58:33+08:00 ]Error: Constant IS_AJAX already defined/www/video/hdphp2.0/hdphp/hdphp.php (32).
[ 2016-08-22T23:58:33+08:00 ]Error: Constant IS_WEIXIN already defined/www/video/hdphp2.0/hdphp/hdphp.php (33).
[ 2016-08-22T23:58:33+08:00 ]Error: Constant __ROOT__ already defined/www/video/hdphp2.0/hdphp/hdphp.php (34).
[ 2016-08-22T23:58:33+08:00 ]Error: Constant __URL__ already defined/www/video/hdphp2.0/hdphp/hdphp.php (35).
[ 2016-08-22T23:58:33+08:00 ]Error: Constant __HISTORY__ already defined/www/video/hdphp2.0/hdphp/hdphp.php (36).
[ 2016-08-22T23:58:33+08:00 ]Error: Constant DEBUG already defined/www/video/hdphp2.0/storage/view/index_php_828e0.php (11).
[ 2016-08-22T23:58:33+08:00 ]Error: Cannot modify header information - headers already sent by (output started at /www/video/hdphp2.0/hdphp/cache/Cache.php:41)/www/video/hdphp2.0/hdphp/hdphp.php (10).
[ 2016-08-22T23:58:33+08:00 ]Error: Constant HDPHP_VERSION already defined/www/video/hdphp2.0/hdphp/hdphp.php (14).
[ 2016-08-22T23:58:33+08:00 ]Error: Constant RELEASE_VERSION already defined/www/video/hdphp2.0/hdphp/hdphp.php (15).
[ 2016-08-22T23:58:33+08:00 ]Error: Constant HDPHP_PATH already defined/www/video/hdphp2.0/hdphp/hdphp.php (16).
[ 2016-08-22T23:58:33+08:00 ]Error: Constant DS already defined/www/video/hdphp2.0/hdphp/hdphp.php (17).
[ 2016-08-22T23:58:33+08:00 ]Error: Constant ROOT_PATH already defined/www/video/hdphp2.0/hdphp/hdphp.php (18).
[ 2016-08-22T23:58:33+08:00 ]Error: Constant IS_CGI already defined/www/video/hdphp2.0/hdphp/hdphp.php (20).
[ 2016-08-22T23:58:33+08:00 ]Error: Constant IS_WIN already defined/www/video/hdphp2.0/hdphp/hdphp.php (21).
[ 2016-08-22T23:58:33+08:00 ]Error: Constant IS_CLI already defined/www/video/hdphp2.0/hdphp/hdphp.php (22).
[ 2016-08-22T23:58:33+08:00 ]Error: Constant NOW already defined/www/video/hdphp2.0/hdphp/hdphp.php (23).
[ 2016-08-22T23:58:33+08:00 ]Error: Constant NOW_MICROTIME already defined/www/video/hdphp2.0/hdphp/hdphp.php (24).
[ 2016-08-22T23:58:33+08:00 ]Error: Constant IS_GET already defined/www/video/hdphp2.0/hdphp/hdphp.php (28).
[ 2016-08-22T23:58:33+08:00 ]Error: Constant IS_POST already defined/www/video/hdphp2.0/hdphp/hdphp.php (29).
[ 2016-08-22T23:58:33+08:00 ]Error: Constant IS_DELETE already defined/www/video/hdphp2.0/hdphp/hdphp.php (30).
[ 2016-08-22T23:58:33+08:00 ]Error: Constant IS_PUT already defined/www/video/hdphp2.0/hdphp/hdphp.php (31).
[ 2016-08-22T23:58:33+08:00 ]Error: Constant IS_AJAX already defined/www/video/hdphp2.0/hdphp/hdphp.php (32).
[ 2016-08-22T23:58:33+08:00 ]Error: Constant IS_WEIXIN already defined/www/video/hdphp2.0/hdphp/hdphp.php (33).
[ 2016-08-22T23:58:33+08:00 ]Error: Constant __ROOT__ already defined/www/video/hdphp2.0/hdphp/hdphp.php (34).
[ 2016-08-22T23:58:33+08:00 ]Error: Constant __URL__ already defined/www/video/hdphp2.0/hdphp/hdphp.php (35).
[ 2016-08-22T23:58:33+08:00 ]Error: Constant __HISTORY__ already defined/www/video/hdphp2.0/hdphp/hdphp.php (36).
[ 2016-08-22T23:58:33+08:00 ]Error: Constant DEBUG already defined/www/video/hdphp2.0/storage/view/index_php_828e0.php (11).
[ 2016-08-22T23:58:33+08:00 ]Error: Cannot modify header information - headers already sent by (output started at /www/video/hdphp2.0/hdphp/cache/Cache.php:41)/www/video/hdphp2.0/hdphp/hdphp.php (10).
[ 2016-08-22T23:58:33+08:00 ]Error: Constant HDPHP_VERSION already defined/www/video/hdphp2.0/hdphp/hdphp.php (14).
[ 2016-08-22T23:58:33+08:00 ]Error: Constant RELEASE_VERSION already defined/www/video/hdphp2.0/hdphp/hdphp.php (15).
[ 2016-08-22T23:58:33+08:00 ]Error: Constant HDPHP_PATH already defined/www/video/hdphp2.0/hdphp/hdphp.php (16).
[ 2016-08-22T23:58:33+08:00 ]Error: Constant DS already defined/www/video/hdphp2.0/hdphp/hdphp.php (17).
[ 2016-08-22T23:58:33+08:00 ]Error: Constant ROOT_PATH already defined/www/video/hdphp2.0/hdphp/hdphp.php (18).
[ 2016-08-22T23:58:33+08:00 ]Error: Constant IS_CGI already defined/www/video/hdphp2.0/hdphp/hdphp.php (20).
[ 2016-08-22T23:58:33+08:00 ]Error: Constant IS_WIN already defined/www/video/hdphp2.0/hdphp/hdphp.php (21).
[ 2016-08-22T23:58:33+08:00 ]Error: Constant IS_CLI already defined/www/video/hdphp2.0/hdphp/hdphp.php (22).
[ 2016-08-22T23:58:33+08:00 ]Error: Constant NOW already defined/www/video/hdphp2.0/hdphp/hdphp.php (23).
[ 2016-08-22T23:58:33+08:00 ]Error: Constant NOW_MICROTIME already defined/www/video/hdphp2.0/hdphp/hdphp.php (24).
[ 2016-08-22T23:58:33+08:00 ]Error: Constant IS_GET already defined/www/video/hdphp2.0/hdphp/hdphp.php (28).
[ 2016-08-22T23:58:33+08:00 ]Error: Constant IS_POST already defined/www/video/hdphp2.0/hdphp/hdphp.php (29).
[ 2016-08-22T23:58:33+08:00 ]Error: Constant IS_DELETE already defined/www/video/hdphp2.0/hdphp/hdphp.php (30).
[ 2016-08-22T23:58:33+08:00 ]Error: Constant IS_PUT already defined/www/video/hdphp2.0/hdphp/hdphp.php (31).
[ 2016-08-22T23:58:33+08:00 ]Error: Constant IS_AJAX already defined/www/video/hdphp2.0/hdphp/hdphp.php (32).
[ 2016-08-22T23:58:33+08:00 ]Error: Constant IS_WEIXIN already defined/www/video/hdphp2.0/hdphp/hdphp.php (33).
[ 2016-08-22T23:58:33+08:00 ]Error: Constant __ROOT__ already defined/www/video/hdphp2.0/hdphp/hdphp.php (34).
[ 2016-08-22T23:58:33+08:00 ]Error: Constant __URL__ already defined/www/video/hdphp2.0/hdphp/hdphp.php (35).
[ 2016-08-22T23:58:33+08:00 ]Error: Constant __HISTORY__ already defined/www/video/hdphp2.0/hdphp/hdphp.php (36).
[ 2016-08-22T23:58:34+08:00 ]Error: Constant DEBUG already defined/www/video/hdphp2.0/storage/view/index_php_828e0.php (11).
[ 2016-08-22T23:58:34+08:00 ]Error: Cannot modify header information - headers already sent by (output started at /www/video/hdphp2.0/hdphp/cache/Cache.php:41)/www/video/hdphp2.0/hdphp/hdphp.php (10).
[ 2016-08-22T23:58:34+08:00 ]Error: Constant HDPHP_VERSION already defined/www/video/hdphp2.0/hdphp/hdphp.php (14).
[ 2016-08-22T23:58:34+08:00 ]Error: Constant RELEASE_VERSION already defined/www/video/hdphp2.0/hdphp/hdphp.php (15).
[ 2016-08-22T23:58:34+08:00 ]Error: Constant HDPHP_PATH already defined/www/video/hdphp2.0/hdphp/hdphp.php (16).
[ 2016-08-22T23:58:34+08:00 ]Error: Constant DS already defined/www/video/hdphp2.0/hdphp/hdphp.php (17).
[ 2016-08-22T23:58:34+08:00 ]Error: Constant ROOT_PATH already defined/www/video/hdphp2.0/hdphp/hdphp.php (18).
[ 2016-08-22T23:58:34+08:00 ]Error: Constant IS_CGI already defined/www/video/hdphp2.0/hdphp/hdphp.php (20).
[ 2016-08-22T23:58:34+08:00 ]Error: Constant IS_WIN already defined/www/video/hdphp2.0/hdphp/hdphp.php (21).
[ 2016-08-22T23:58:34+08:00 ]Error: Constant IS_CLI already defined/www/video/hdphp2.0/hdphp/hdphp.php (22).
[ 2016-08-22T23:58:34+08:00 ]Error: Constant NOW already defined/www/video/hdphp2.0/hdphp/hdphp.php (23).
[ 2016-08-22T23:58:34+08:00 ]Error: Constant NOW_MICROTIME already defined/www/video/hdphp2.0/hdphp/hdphp.php (24).
[ 2016-08-22T23:58:34+08:00 ]Error: Constant IS_GET already defined/www/video/hdphp2.0/hdphp/hdphp.php (28).
[ 2016-08-22T23:58:34+08:00 ]Error: Constant IS_POST already defined/www/video/hdphp2.0/hdphp/hdphp.php (29).
[ 2016-08-22T23:58:34+08:00 ]Error: Constant IS_DELETE already defined/www/video/hdphp2.0/hdphp/hdphp.php (30).
[ 2016-08-22T23:58:34+08:00 ]Error: Constant IS_PUT already defined/www/video/hdphp2.0/hdphp/hdphp.php (31).
[ 2016-08-22T23:58:34+08:00 ]Error: Constant IS_AJAX already defined/www/video/hdphp2.0/hdphp/hdphp.php (32).
[ 2016-08-22T23:58:34+08:00 ]Error: Constant IS_WEIXIN already defined/www/video/hdphp2.0/hdphp/hdphp.php (33).
[ 2016-08-22T23:58:34+08:00 ]Error: Constant __ROOT__ already defined/www/video/hdphp2.0/hdphp/hdphp.php (34).
[ 2016-08-22T23:58:34+08:00 ]Error: Constant __URL__ already defined/www/video/hdphp2.0/hdphp/hdphp.php (35).
[ 2016-08-22T23:58:34+08:00 ]Error: Constant __HISTORY__ already defined/www/video/hdphp2.0/hdphp/hdphp.php (36).
[ 2016-08-22T23:58:34+08:00 ]Error: Constant DEBUG already defined/www/video/hdphp2.0/storage/view/index_php_828e0.php (11).
[ 2016-08-22T23:58:34+08:00 ]Error: Cannot modify header information - headers already sent by (output started at /www/video/hdphp2.0/hdphp/cache/Cache.php:41)/www/video/hdphp2.0/hdphp/hdphp.php (10).
[ 2016-08-22T23:58:34+08:00 ]Error: Constant HDPHP_VERSION already defined/www/video/hdphp2.0/hdphp/hdphp.php (14).
[ 2016-08-22T23:58:34+08:00 ]Error: Constant RELEASE_VERSION already defined/www/video/hdphp2.0/hdphp/hdphp.php (15).
[ 2016-08-22T23:58:34+08:00 ]Error: Constant HDPHP_PATH already defined/www/video/hdphp2.0/hdphp/hdphp.php (16).
[ 2016-08-22T23:58:34+08:00 ]Error: Constant DS already defined/www/video/hdphp2.0/hdphp/hdphp.php (17).
[ 2016-08-22T23:58:34+08:00 ]Error: Constant ROOT_PATH already defined/www/video/hdphp2.0/hdphp/hdphp.php (18).
[ 2016-08-22T23:58:34+08:00 ]Error: Constant IS_CGI already defined/www/video/hdphp2.0/hdphp/hdphp.php (20).
[ 2016-08-22T23:58:34+08:00 ]Error: Constant IS_WIN already defined/www/video/hdphp2.0/hdphp/hdphp.php (21).
[ 2016-08-22T23:58:34+08:00 ]Error: Constant IS_CLI already defined/www/video/hdphp2.0/hdphp/hdphp.php (22).
[ 2016-08-22T23:58:34+08:00 ]Error: Constant NOW already defined/www/video/hdphp2.0/hdphp/hdphp.php (23).
[ 2016-08-22T23:58:34+08:00 ]Error: Constant NOW_MICROTIME already defined/www/video/hdphp2.0/hdphp/hdphp.php (24).
[ 2016-08-22T23:58:34+08:00 ]Error: Constant IS_GET already defined/www/video/hdphp2.0/hdphp/hdphp.php (28).
[ 2016-08-22T23:58:34+08:00 ]Error: Constant IS_POST already defined/www/video/hdphp2.0/hdphp/hdphp.php (29).
[ 2016-08-22T23:58:34+08:00 ]Error: Constant IS_DELETE already defined/www/video/hdphp2.0/hdphp/hdphp.php (30).
[ 2016-08-22T23:58:34+08:00 ]Error: Constant IS_PUT already defined/www/video/hdphp2.0/hdphp/hdphp.php (31).
[ 2016-08-22T23:58:34+08:00 ]Error: Constant IS_AJAX already defined/www/video/hdphp2.0/hdphp/hdphp.php (32).
[ 2016-08-22T23:58:34+08:00 ]Error: Constant IS_WEIXIN already defined/www/video/hdphp2.0/hdphp/hdphp.php (33).
[ 2016-08-22T23:58:34+08:00 ]Error: Constant __ROOT__ already defined/www/video/hdphp2.0/hdphp/hdphp.php (34).
[ 2016-08-22T23:58:34+08:00 ]Error: Constant __URL__ already defined/www/video/hdphp2.0/hdphp/hdphp.php (35).
[ 2016-08-22T23:58:34+08:00 ]Error: Constant __HISTORY__ already defined/www/video/hdphp2.0/hdphp/hdphp.php (36).
[ 2016-08-22T23:58:57+08:00 ]Error: Constant DEBUG already defined/www/video/hdphp2.0/storage/view/index_php_828e0.php (11).
[ 2016-08-22T23:58:57+08:00 ]Error: Constant HDPHP_VERSION already defined/www/video/hdphp2.0/hdphp/hdphp.php (14).
[ 2016-08-22T23:58:57+08:00 ]Error: Constant RELEASE_VERSION already defined/www/video/hdphp2.0/hdphp/hdphp.php (15).
[ 2016-08-22T23:58:57+08:00 ]Error: Constant HDPHP_PATH already defined/www/video/hdphp2.0/hdphp/hdphp.php (16).
[ 2016-08-22T23:58:57+08:00 ]Error: Constant DS already defined/www/video/hdphp2.0/hdphp/hdphp.php (17).
[ 2016-08-22T23:58:57+08:00 ]Error: Constant ROOT_PATH already defined/www/video/hdphp2.0/hdphp/hdphp.php (18).
[ 2016-08-22T23:58:57+08:00 ]Error: Constant IS_CGI already defined/www/video/hdphp2.0/hdphp/hdphp.php (20).
[ 2016-08-22T23:58:57+08:00 ]Error: Constant IS_WIN already defined/www/video/hdphp2.0/hdphp/hdphp.php (21).
[ 2016-08-22T23:58:57+08:00 ]Error: Constant IS_CLI already defined/www/video/hdphp2.0/hdphp/hdphp.php (22).
[ 2016-08-22T23:58:57+08:00 ]Error: Constant NOW already defined/www/video/hdphp2.0/hdphp/hdphp.php (23).
[ 2016-08-22T23:58:57+08:00 ]Error: Constant NOW_MICROTIME already defined/www/video/hdphp2.0/hdphp/hdphp.php (24).
[ 2016-08-22T23:58:57+08:00 ]Error: Constant IS_GET already defined/www/video/hdphp2.0/hdphp/hdphp.php (28).
[ 2016-08-22T23:58:57+08:00 ]Error: Constant IS_POST already defined/www/video/hdphp2.0/hdphp/hdphp.php (29).
[ 2016-08-22T23:58:57+08:00 ]Error: Constant IS_DELETE already defined/www/video/hdphp2.0/hdphp/hdphp.php (30).
[ 2016-08-22T23:58:57+08:00 ]Error: Constant IS_PUT already defined/www/video/hdphp2.0/hdphp/hdphp.php (31).
[ 2016-08-22T23:58:57+08:00 ]Error: Constant IS_AJAX already defined/www/video/hdphp2.0/hdphp/hdphp.php (32).
[ 2016-08-22T23:58:57+08:00 ]Error: Constant IS_WEIXIN already defined/www/video/hdphp2.0/hdphp/hdphp.php (33).
[ 2016-08-22T23:58:57+08:00 ]Error: Constant __ROOT__ already defined/www/video/hdphp2.0/hdphp/hdphp.php (34).
[ 2016-08-22T23:58:57+08:00 ]Error: Constant __URL__ already defined/www/video/hdphp2.0/hdphp/hdphp.php (35).
[ 2016-08-22T23:58:57+08:00 ]Error: Constant __HISTORY__ already defined/www/video/hdphp2.0/hdphp/hdphp.php (36).
[ 2016-08-22T23:58:58+08:00 ]Error: Constant DEBUG already defined/www/video/hdphp2.0/storage/view/index_php_828e0.php (11).
[ 2016-08-22T23:58:58+08:00 ]Error: Constant HDPHP_VERSION already defined/www/video/hdphp2.0/hdphp/hdphp.php (14).
[ 2016-08-22T23:58:58+08:00 ]Error: Constant RELEASE_VERSION already defined/www/video/hdphp2.0/hdphp/hdphp.php (15).
[ 2016-08-22T23:58:58+08:00 ]Error: Constant HDPHP_PATH already defined/www/video/hdphp2.0/hdphp/hdphp.php (16).
[ 2016-08-22T23:58:58+08:00 ]Error: Constant DS already defined/www/video/hdphp2.0/hdphp/hdphp.php (17).
[ 2016-08-22T23:58:58+08:00 ]Error: Constant ROOT_PATH already defined/www/video/hdphp2.0/hdphp/hdphp.php (18).
[ 2016-08-22T23:58:58+08:00 ]Error: Constant IS_CGI already defined/www/video/hdphp2.0/hdphp/hdphp.php (20).
[ 2016-08-22T23:58:58+08:00 ]Error: Constant IS_WIN already defined/www/video/hdphp2.0/hdphp/hdphp.php (21).
[ 2016-08-22T23:58:58+08:00 ]Error: Constant IS_CLI already defined/www/video/hdphp2.0/hdphp/hdphp.php (22).
[ 2016-08-22T23:58:58+08:00 ]Error: Constant NOW already defined/www/video/hdphp2.0/hdphp/hdphp.php (23).
[ 2016-08-22T23:58:58+08:00 ]Error: Constant NOW_MICROTIME already defined/www/video/hdphp2.0/hdphp/hdphp.php (24).
[ 2016-08-22T23:58:58+08:00 ]Error: Constant IS_GET already defined/www/video/hdphp2.0/hdphp/hdphp.php (28).
[ 2016-08-22T23:58:58+08:00 ]Error: Constant IS_POST already defined/www/video/hdphp2.0/hdphp/hdphp.php (29).
[ 2016-08-22T23:58:58+08:00 ]Error: Constant IS_DELETE already defined/www/video/hdphp2.0/hdphp/hdphp.php (30).
[ 2016-08-22T23:58:58+08:00 ]Error: Constant IS_PUT already defined/www/video/hdphp2.0/hdphp/hdphp.php (31).
[ 2016-08-22T23:58:58+08:00 ]Error: Constant IS_AJAX already defined/www/video/hdphp2.0/hdphp/hdphp.php (32).
[ 2016-08-22T23:58:58+08:00 ]Error: Constant IS_WEIXIN already defined/www/video/hdphp2.0/hdphp/hdphp.php (33).
[ 2016-08-22T23:58:58+08:00 ]Error: Constant __ROOT__ already defined/www/video/hdphp2.0/hdphp/hdphp.php (34).
[ 2016-08-22T23:58:58+08:00 ]Error: Constant __URL__ already defined/www/video/hdphp2.0/hdphp/hdphp.php (35).
[ 2016-08-22T23:58:58+08:00 ]Error: Constant __HISTORY__ already defined/www/video/hdphp2.0/hdphp/hdphp.php (36).
[ 2016-08-22T23:59:34+08:00 ]Error: Constant DEBUG already defined/www/video/hdphp2.0/storage/view/index_php_828e0.php (11).
[ 2016-08-22T23:59:34+08:00 ]Error: Constant HDPHP_VERSION already defined/www/video/hdphp2.0/hdphp/hdphp.php (14).
[ 2016-08-22T23:59:34+08:00 ]Error: Constant RELEASE_VERSION already defined/www/video/hdphp2.0/hdphp/hdphp.php (15).
[ 2016-08-22T23:59:34+08:00 ]Error: Constant HDPHP_PATH already defined/www/video/hdphp2.0/hdphp/hdphp.php (16).
[ 2016-08-22T23:59:34+08:00 ]Error: Constant DS already defined/www/video/hdphp2.0/hdphp/hdphp.php (17).
[ 2016-08-22T23:59:34+08:00 ]Error: Constant ROOT_PATH already defined/www/video/hdphp2.0/hdphp/hdphp.php (18).
[ 2016-08-22T23:59:34+08:00 ]Error: Constant IS_CGI already defined/www/video/hdphp2.0/hdphp/hdphp.php (20).
[ 2016-08-22T23:59:34+08:00 ]Error: Constant IS_WIN already defined/www/video/hdphp2.0/hdphp/hdphp.php (21).
[ 2016-08-22T23:59:34+08:00 ]Error: Constant IS_CLI already defined/www/video/hdphp2.0/hdphp/hdphp.php (22).
[ 2016-08-22T23:59:34+08:00 ]Error: Constant NOW already defined/www/video/hdphp2.0/hdphp/hdphp.php (23).
[ 2016-08-22T23:59:34+08:00 ]Error: Constant NOW_MICROTIME already defined/www/video/hdphp2.0/hdphp/hdphp.php (24).
[ 2016-08-22T23:59:34+08:00 ]Error: Constant IS_GET already defined/www/video/hdphp2.0/hdphp/hdphp.php (28).
[ 2016-08-22T23:59:34+08:00 ]Error: Constant IS_POST already defined/www/video/hdphp2.0/hdphp/hdphp.php (29).
[ 2016-08-22T23:59:34+08:00 ]Error: Constant IS_DELETE already defined/www/video/hdphp2.0/hdphp/hdphp.php (30).
[ 2016-08-22T23:59:34+08:00 ]Error: Constant IS_PUT already defined/www/video/hdphp2.0/hdphp/hdphp.php (31).
[ 2016-08-22T23:59:34+08:00 ]Error: Constant IS_AJAX already defined/www/video/hdphp2.0/hdphp/hdphp.php (32).
[ 2016-08-22T23:59:34+08:00 ]Error: Constant IS_WEIXIN already defined/www/video/hdphp2.0/hdphp/hdphp.php (33).
[ 2016-08-22T23:59:34+08:00 ]Error: Constant __ROOT__ already defined/www/video/hdphp2.0/hdphp/hdphp.php (34).
[ 2016-08-22T23:59:34+08:00 ]Error: Constant __URL__ already defined/www/video/hdphp2.0/hdphp/hdphp.php (35).
[ 2016-08-22T23:59:34+08:00 ]Error: Constant __HISTORY__ already defined/www/video/hdphp2.0/hdphp/hdphp.php (36).
[ 2016-08-22T23:59:44+08:00 ]Error: Constant DEBUG already defined/www/video/hdphp2.0/storage/view/index_php_828e0.php (11).
[ 2016-08-22T23:59:44+08:00 ]Error: Constant HDPHP_VERSION already defined/www/video/hdphp2.0/hdphp/hdphp.php (14).
[ 2016-08-22T23:59:44+08:00 ]Error: Constant RELEASE_VERSION already defined/www/video/hdphp2.0/hdphp/hdphp.php (15).
[ 2016-08-22T23:59:44+08:00 ]Error: Constant HDPHP_PATH already defined/www/video/hdphp2.0/hdphp/hdphp.php (16).
[ 2016-08-22T23:59:44+08:00 ]Error: Constant DS already defined/www/video/hdphp2.0/hdphp/hdphp.php (17).
[ 2016-08-22T23:59:44+08:00 ]Error: Constant ROOT_PATH already defined/www/video/hdphp2.0/hdphp/hdphp.php (18).
[ 2016-08-22T23:59:44+08:00 ]Error: Constant IS_CGI already defined/www/video/hdphp2.0/hdphp/hdphp.php (20).
[ 2016-08-22T23:59:44+08:00 ]Error: Constant IS_WIN already defined/www/video/hdphp2.0/hdphp/hdphp.php (21).
[ 2016-08-22T23:59:44+08:00 ]Error: Constant IS_CLI already defined/www/video/hdphp2.0/hdphp/hdphp.php (22).
[ 2016-08-22T23:59:44+08:00 ]Error: Constant NOW already defined/www/video/hdphp2.0/hdphp/hdphp.php (23).
[ 2016-08-22T23:59:44+08:00 ]Error: Constant NOW_MICROTIME already defined/www/video/hdphp2.0/hdphp/hdphp.php (24).
[ 2016-08-22T23:59:44+08:00 ]Error: Constant IS_GET already defined/www/video/hdphp2.0/hdphp/hdphp.php (28).
[ 2016-08-22T23:59:44+08:00 ]Error: Constant IS_POST already defined/www/video/hdphp2.0/hdphp/hdphp.php (29).
[ 2016-08-22T23:59:44+08:00 ]Error: Constant IS_DELETE already defined/www/video/hdphp2.0/hdphp/hdphp.php (30).
[ 2016-08-22T23:59:44+08:00 ]Error: Constant IS_PUT already defined/www/video/hdphp2.0/hdphp/hdphp.php (31).
[ 2016-08-22T23:59:44+08:00 ]Error: Constant IS_AJAX already defined/www/video/hdphp2.0/hdphp/hdphp.php (32).
[ 2016-08-22T23:59:44+08:00 ]Error: Constant IS_WEIXIN already defined/www/video/hdphp2.0/hdphp/hdphp.php (33).
[ 2016-08-22T23:59:44+08:00 ]Error: Constant __ROOT__ already defined/www/video/hdphp2.0/hdphp/hdphp.php (34).
[ 2016-08-22T23:59:44+08:00 ]Error: Constant __URL__ already defined/www/video/hdphp2.0/hdphp/hdphp.php (35).
[ 2016-08-22T23:59:44+08:00 ]Error: Constant __HISTORY__ already defined/www/video/hdphp2.0/hdphp/hdphp.php (36).
[ 2016-08-22T23:59:54+08:00 ]Error: Constant DEBUG already defined/www/video/hdphp2.0/storage/view/index_php_828e0.php (11).
[ 2016-08-22T23:59:54+08:00 ]Error: Constant HDPHP_VERSION already defined/www/video/hdphp2.0/hdphp/hdphp.php (14).
[ 2016-08-22T23:59:54+08:00 ]Error: Constant RELEASE_VERSION already defined/www/video/hdphp2.0/hdphp/hdphp.php (15).
[ 2016-08-22T23:59:54+08:00 ]Error: Constant HDPHP_PATH already defined/www/video/hdphp2.0/hdphp/hdphp.php (16).
[ 2016-08-22T23:59:54+08:00 ]Error: Constant DS already defined/www/video/hdphp2.0/hdphp/hdphp.php (17).
[ 2016-08-22T23:59:54+08:00 ]Error: Constant ROOT_PATH already defined/www/video/hdphp2.0/hdphp/hdphp.php (18).
[ 2016-08-22T23:59:54+08:00 ]Error: Constant IS_CGI already defined/www/video/hdphp2.0/hdphp/hdphp.php (20).
[ 2016-08-22T23:59:54+08:00 ]Error: Constant IS_WIN already defined/www/video/hdphp2.0/hdphp/hdphp.php (21).
[ 2016-08-22T23:59:54+08:00 ]Error: Constant IS_CLI already defined/www/video/hdphp2.0/hdphp/hdphp.php (22).
[ 2016-08-22T23:59:54+08:00 ]Error: Constant NOW already defined/www/video/hdphp2.0/hdphp/hdphp.php (23).
[ 2016-08-22T23:59:54+08:00 ]Error: Constant NOW_MICROTIME already defined/www/video/hdphp2.0/hdphp/hdphp.php (24).
[ 2016-08-22T23:59:54+08:00 ]Error: Constant IS_GET already defined/www/video/hdphp2.0/hdphp/hdphp.php (28).
[ 2016-08-22T23:59:54+08:00 ]Error: Constant IS_POST already defined/www/video/hdphp2.0/hdphp/hdphp.php (29).
[ 2016-08-22T23:59:54+08:00 ]Error: Constant IS_DELETE already defined/www/video/hdphp2.0/hdphp/hdphp.php (30).
[ 2016-08-22T23:59:54+08:00 ]Error: Constant IS_PUT already defined/www/video/hdphp2.0/hdphp/hdphp.php (31).
[ 2016-08-22T23:59:54+08:00 ]Error: Constant IS_AJAX already defined/www/video/hdphp2.0/hdphp/hdphp.php (32).
[ 2016-08-22T23:59:54+08:00 ]Error: Constant IS_WEIXIN already defined/www/video/hdphp2.0/hdphp/hdphp.php (33).
[ 2016-08-22T23:59:54+08:00 ]Error: Constant __ROOT__ already defined/www/video/hdphp2.0/hdphp/hdphp.php (34).
[ 2016-08-22T23:59:54+08:00 ]Error: Constant __URL__ already defined/www/video/hdphp2.0/hdphp/hdphp.php (35).
[ 2016-08-22T23:59:54+08:00 ]Error: Constant __HISTORY__ already defined/www/video/hdphp2.0/hdphp/hdphp.php (36).
[ 2016-08-22T23:59:55+08:00 ]Error: Constant DEBUG already defined/www/video/hdphp2.0/storage/view/index_php_828e0.php (11).
[ 2016-08-22T23:59:55+08:00 ]Error: Constant HDPHP_VERSION already defined/www/video/hdphp2.0/hdphp/hdphp.php (14).
[ 2016-08-22T23:59:55+08:00 ]Error: Constant RELEASE_VERSION already defined/www/video/hdphp2.0/hdphp/hdphp.php (15).
[ 2016-08-22T23:59:55+08:00 ]Error: Constant HDPHP_PATH already defined/www/video/hdphp2.0/hdphp/hdphp.php (16).
[ 2016-08-22T23:59:55+08:00 ]Error: Constant DS already defined/www/video/hdphp2.0/hdphp/hdphp.php (17).
[ 2016-08-22T23:59:55+08:00 ]Error: Constant ROOT_PATH already defined/www/video/hdphp2.0/hdphp/hdphp.php (18).
[ 2016-08-22T23:59:55+08:00 ]Error: Constant IS_CGI already defined/www/video/hdphp2.0/hdphp/hdphp.php (20).
[ 2016-08-22T23:59:55+08:00 ]Error: Constant IS_WIN already defined/www/video/hdphp2.0/hdphp/hdphp.php (21).
[ 2016-08-22T23:59:55+08:00 ]Error: Constant IS_CLI already defined/www/video/hdphp2.0/hdphp/hdphp.php (22).
[ 2016-08-22T23:59:55+08:00 ]Error: Constant NOW already defined/www/video/hdphp2.0/hdphp/hdphp.php (23).
[ 2016-08-22T23:59:55+08:00 ]Error: Constant NOW_MICROTIME already defined/www/video/hdphp2.0/hdphp/hdphp.php (24).
[ 2016-08-22T23:59:55+08:00 ]Error: Constant IS_GET already defined/www/video/hdphp2.0/hdphp/hdphp.php (28).
[ 2016-08-22T23:59:55+08:00 ]Error: Constant IS_POST already defined/www/video/hdphp2.0/hdphp/hdphp.php (29).
[ 2016-08-22T23:59:55+08:00 ]Error: Constant IS_DELETE already defined/www/video/hdphp2.0/hdphp/hdphp.php (30).
[ 2016-08-22T23:59:55+08:00 ]Error: Constant IS_PUT already defined/www/video/hdphp2.0/hdphp/hdphp.php (31).
[ 2016-08-22T23:59:55+08:00 ]Error: Constant IS_AJAX already defined/www/video/hdphp2.0/hdphp/hdphp.php (32).
[ 2016-08-22T23:59:55+08:00 ]Error: Constant IS_WEIXIN already defined/www/video/hdphp2.0/hdphp/hdphp.php (33).
[ 2016-08-22T23:59:55+08:00 ]Error: Constant __ROOT__ already defined/www/video/hdphp2.0/hdphp/hdphp.php (34).
[ 2016-08-22T23:59:55+08:00 ]Error: Constant __URL__ already defined/www/video/hdphp2.0/hdphp/hdphp.php (35).
[ 2016-08-22T23:59:55+08:00 ]Error: Constant __HISTORY__ already defined/www/video/hdphp2.0/hdphp/hdphp.php (36).
