[ 2016-10-27T15:07:40+08:00 ]EXCEPTION: 请求方法不存在
[ 2016-10-27T15:07:43+08:00 ]EXCEPTION: 请求方法不存在
[ 2016-10-27T15:07:44+08:00 ]EXCEPTION: 请求方法不存在
[ 2016-10-27T15:07:47+08:00 ]EXCEPTION: 请求方法不存在
[ 2016-10-27T15:07:49+08:00 ]EXCEPTION: 请求方法不存在
[ 2016-10-27T15:08:05+08:00 ]EXCEPTION: 请求方法不存在
[ 2016-10-27T15:08:06+08:00 ]EXCEPTION: 请求方法不存在
[ 2016-10-27T15:08:19+08:00 ]EXCEPTION: 请求方法不存在
[ 2016-10-27T15:08:20+08:00 ]EXCEPTION: 请求方法不存在
[ 2016-10-27T15:08:21+08:00 ]EXCEPTION: 请求方法不存在
[ 2016-10-27T15:08:21+08:00 ]EXCEPTION: 请求方法不存在
[ 2016-10-27T15:08:21+08:00 ]EXCEPTION: 请求方法不存在
[ 2016-10-27T15:08:21+08:00 ]EXCEPTION: 请求方法不存在
[ 2016-10-27T15:08:21+08:00 ]EXCEPTION: 请求方法不存在
[ 2016-10-27T15:08:22+08:00 ]EXCEPTION: 请求方法不存在
[ 2016-10-27T15:08:22+08:00 ]EXCEPTION: 请求方法不存在
[ 2016-10-27T15:08:22+08:00 ]EXCEPTION: 请求方法不存在
[ 2016-10-27T15:08:22+08:00 ]EXCEPTION: 请求方法不存在
[ 2016-10-27T15:08:24+08:00 ]EXCEPTION: 请求方法不存在
[ 2016-10-27T15:08:24+08:00 ]EXCEPTION: 请求方法不存在
[ 2016-10-27T15:08:37+08:00 ]EXCEPTION: 请求方法不存在
[ 2016-10-27T15:08:38+08:00 ]EXCEPTION: 请求方法不存在
[ 2016-10-27T15:08:38+08:00 ]EXCEPTION: 请求方法不存在
[ 2016-10-27T15:08:43+08:00 ]EXCEPTION: 请求方法不存在
[ 2016-10-27T15:08:50+08:00 ]EXCEPTION: 请求方法不存在
[ 2016-10-27T15:08:53+08:00 ]EXCEPTION: 请求方法不存在
[ 2016-10-27T15:08:56+08:00 ]EXCEPTION: 请求方法不存在
[ 2016-10-27T16:42:14+08:00 ]EXCEPTION: 请求方法不存在
[ 2016-10-27T16:42:15+08:00 ]EXCEPTION: 请求方法不存在
[ 2016-10-27T16:45:49+08:00 ]EXCEPTION: 请求方法不存在
[ 2016-10-27T16:45:51+08:00 ]EXCEPTION: 请求方法不存在
[ 2016-10-27T16:45:52+08:00 ]EXCEPTION: 请求方法不存在
[ 2016-10-27T16:51:59+08:00 ]EXCEPTION: 请求方法不存在
[ 2016-10-27T16:52:00+08:00 ]EXCEPTION: 请求方法不存在
[ 2016-10-27T16:52:00+08:00 ]EXCEPTION: 请求方法不存在
[ 2016-10-27T16:52:13+08:00 ]EXCEPTION: 请求方法不存在
[ 2016-10-27T16:52:44+08:00 ]EXCEPTION: 请求方法不存在
[ 2016-10-27T17:29:15+08:00 ]EXCEPTION: 请求方法不存在
[ 2016-10-27T17:29:19+08:00 ]EXCEPTION: 请求方法不存在
[ 2016-10-27T17:29:48+08:00 ]EXCEPTION: 请求方法不存在
[ 2016-10-27T17:30:09+08:00 ]EXCEPTION: 请求方法不存在
[ 2016-10-27T17:30:52+08:00 ]EXCEPTION: 请求方法不存在
[ 2016-10-27T17:31:06+08:00 ]EXCEPTION: 请求方法不存在
[ 2016-10-27T17:31:25+08:00 ]EXCEPTION: 请求方法不存在
[ 2016-10-27T17:31:31+08:00 ]EXCEPTION: 请求方法不存在
[ 2016-10-27T17:31:47+08:00 ]EXCEPTION: 请求方法不存在
[ 2016-10-27T17:31:54+08:00 ]EXCEPTION: 请求方法不存在
[ 2016-10-27T17:32:36+08:00 ]EXCEPTION: 请求方法不存在
[ 2016-10-27T17:33:04+08:00 ]EXCEPTION: 请求方法不存在
[ 2016-10-27T17:33:28+08:00 ]EXCEPTION: 请求方法不存在
[ 2016-10-27T17:33:31+08:00 ]EXCEPTION: 请求方法不存在
[ 2016-10-27T17:33:34+08:00 ]EXCEPTION: 请求方法不存在
[ 2016-10-27T17:33:38+08:00 ]EXCEPTION: 请求方法不存在
[ 2016-10-27T17:33:43+08:00 ]EXCEPTION: 请求方法不存在
[ 2016-10-27T17:33:52+08:00 ]EXCEPTION: 请求方法不存在
[ 2016-10-27T17:34:47+08:00 ]EXCEPTION: 请求方法不存在
[ 2016-10-27T17:35:07+08:00 ]EXCEPTION: 请求方法不存在
[ 2016-10-27T17:35:29+08:00 ]EXCEPTION: Class Object does not exist
[ 2016-10-27T17:35:35+08:00 ]EXCEPTION: Class Object does not exist
[ 2016-10-27T17:35:36+08:00 ]EXCEPTION: Class Object does not exist
[ 2016-10-27T17:35:36+08:00 ]EXCEPTION: Class Object does not exist
[ 2016-10-27T17:35:45+08:00 ]EXCEPTION: 请求方法不存在
[ 2016-10-27T17:35:53+08:00 ]EXCEPTION: 请求方法不存在
[ 2016-10-27T17:38:07+08:00 ]EXCEPTION: 请求方法不存在
[ 2016-10-27T17:38:08+08:00 ]EXCEPTION: 请求方法不存在
[ 2016-10-27T17:38:08+08:00 ]EXCEPTION: 请求方法不存在
[ 2016-10-27T17:40:13+08:00 ]EXCEPTION: 请求方法不存在
[ 2016-10-27T17:40:23+08:00 ]EXCEPTION: 请求方法不存在
[ 2016-10-27T17:40:26+08:00 ]EXCEPTION: 请求方法不存在
[ 2016-10-27T17:40:26+08:00 ]EXCEPTION: 请求方法不存在
[ 2016-10-27T17:40:37+08:00 ]EXCEPTION: 请求方法不存在
[ 2016-10-27T17:40:39+08:00 ]EXCEPTION: 请求方法不存在
[ 2016-10-27T17:41:20+08:00 ]EXCEPTION: 请求方法不存在
[ 2016-10-27T17:41:20+08:00 ]EXCEPTION: 请求方法不存在
[ 2016-10-27T17:41:20+08:00 ]EXCEPTION: 请求方法不存在
[ 2016-10-27T17:41:26+08:00 ]EXCEPTION: 请求方法不存在
[ 2016-10-27T17:41:35+08:00 ]EXCEPTION: 请求方法不存在
[ 2016-10-27T18:08:10+08:00 ]EXCEPTION: 请求方法不存在
[ 2016-10-27T18:08:17+08:00 ]EXCEPTION: 请求方法不存在
[ 2016-10-27T18:08:17+08:00 ]EXCEPTION: 请求方法不存在
[ 2016-10-27T18:08:18+08:00 ]EXCEPTION: 请求方法不存在
[ 2016-10-27T18:09:35+08:00 ]EXCEPTION: 请求方法不存在
[ 2016-10-27T18:09:52+08:00 ]EXCEPTION: 请求方法不存在
[ 2016-10-27T18:21:58+08:00 ]EXCEPTION: 请求方法不存在
[ 2016-10-27T18:22:15+08:00 ]EXCEPTION: 请求方法不存在
[ 2016-10-27T18:22:16+08:00 ]EXCEPTION: 请求方法不存在
[ 2016-10-27T18:22:21+08:00 ]EXCEPTION: 请求方法不存在
[ 2016-10-27T18:24:03+08:00 ]EXCEPTION: 请求方法不存在
[ 2016-10-27T18:24:18+08:00 ]EXCEPTION: 请求方法不存在
[ 2016-10-27T18:24:29+08:00 ]EXCEPTION: 请求方法不存在
[ 2016-10-27T18:24:36+08:00 ]EXCEPTION: 请求方法不存在
[ 2016-10-27T18:24:41+08:00 ]EXCEPTION: 请求方法不存在
[ 2016-10-27T18:25:12+08:00 ]EXCEPTION: 请求方法不存在
[ 2016-10-27T18:25:16+08:00 ]EXCEPTION: 请求方法不存在
[ 2016-10-27T18:25:19+08:00 ]EXCEPTION: 请求方法不存在
[ 2016-10-27T18:25:31+08:00 ]EXCEPTION: 请求方法不存在
[ 2016-10-27T18:25:34+08:00 ]EXCEPTION: 请求方法不存在
[ 2016-10-27T18:25:37+08:00 ]EXCEPTION: 请求方法不存在
[ 2016-10-27T18:25:47+08:00 ]EXCEPTION: 请求方法不存在
[ 2016-10-27T18:25:53+08:00 ]EXCEPTION: 请求方法不存在
[ 2016-10-27T18:25:53+08:00 ]EXCEPTION: 请求方法不存在
[ 2016-10-27T19:27:40+08:00 ]EXCEPTION: 没有数据用于插入
[ 2016-10-27T22:15:50+08:00 ]EXCEPTION: CSRF 验证失败
[ 2016-10-27T22:16:58+08:00 ]EXCEPTION: CSRF 令牌验证失败
[ 2016-10-27T22:17:17+08:00 ]EXCEPTION: 没有数据用于插入
[ 2016-10-27T22:17:28+08:00 ]EXCEPTION: 没有数据用于插入
[ 2016-10-27T22:17:42+08:00 ]EXCEPTION: 没有数据用于插入
[ 2016-10-27T22:17:47+08:00 ]EXCEPTION: 没有数据用于插入
[ 2016-10-27T22:18:07+08:00 ]EXCEPTION: 没有数据用于插入
